NCBAP     36.1804 -121.6444    0.0000    0.0000     126      23     220       0    0.0053    0.0615   1
NCBAV     36.6460 -121.0302    0.0000    0.0000      45      52       4       0    0.0056    0.0546   1
NCBBG     36.5780 -121.0392    0.0000    0.0000      23      42      25       0    0.0054    0.0661   1
NCBBN     36.5100 -121.0755    0.0000    0.0000      16      28       4       0    0.0060    0.0638   1
NCBCG     36.7096 -121.3428    0.0000    0.0000      21      22       0       0    0.0060    0.0000   1
NCBCW     36.3065 -121.5669    0.0000    0.0000      99      72       6       0    0.0049    0.0843   1
NCBEH     36.6648 -121.1754    0.0000    0.0000      18      15       2       0    0.0049    0.0852   1
NCBEM     36.6611 -121.0968    0.0000    0.0000      50      41       1       0    0.0067    0.0537   1
NCBHR     36.7275 -121.2665    0.0000    0.0000       3       4       0       0    0.0065    0.0000   1
NCBJC     36.5470 -121.3922    0.0000    0.0000     200     133     257       0    0.0048    0.0655   1
NCBJO     36.6110 -121.3142    0.0000    0.0000     116      90      90       0    0.0043    0.0746   1
NCBLR     36.6670 -121.2733    0.0000    0.0000       5      15       0       0    0.0062    0.0000   1
NCBMS     36.6631 -120.7929    0.0000    0.0000      19      27      14       0    0.0068    0.0384   1
NCBPC     36.5734 -121.6269    0.0000    0.0000      20      21      25       0    0.0038    0.0609   1
NCBPF     36.2303 -121.7720    0.0000    0.0000       4       3       0       0    0.0062    0.0000   1
NCBPI     36.4901 -121.1696    0.0000    0.0000     202     130     320       0    0.0041    0.0677   1
NCBPO     36.2284 -121.7677    0.0000    0.0000      36       8      10       0    0.0047    0.0542   1
NCBPR     36.4071 -121.7306    0.0000    0.0000     135     105      13       0    0.0052    0.0533   1
NCBRM     36.8451 -120.8247    0.0000    0.0000      10      10       0       0    0.0057    0.0000   1
NCBRV     36.4247 -121.0190    0.0000    0.0000      65      48      85       0    0.0062    0.0744   1
NCBSG     36.4138 -121.2551    0.0000    0.0000     124      74     346       0    0.0039    0.0702   1
NCBSL     36.7765 -121.3501    0.0000    0.0000       2      13       0       0    0.0076    0.0000   1
NCBSM     36.3838 -121.4272    0.0000    0.0000     123      74      59       0    0.0043    0.0653   1
NCBSR     36.6674 -121.5203    0.0000    0.0000      46      29      10       0    0.0057    0.0907   1
NCBVL     36.5749 -121.1901    0.0000    0.0000     141      84      69       0    0.0047    0.0621   1
NCBVY     36.7462 -121.4158    0.0000    0.0000      49      32      10       0    0.0058    0.0790   1
NCHAZ     36.8845 -121.5920    0.0000    0.0000       1       3       0       0    0.0078    0.0000   1
NCHBT     36.8502 -121.5519    0.0000    0.0000       1       6       0       0    0.0047    0.0000   1
NCHCA     37.0254 -121.4845    0.0000    0.0000       1       3       0       0    0.0063    0.0000   1
NCHCB     36.9314 -121.6618    0.0000    0.0000       1       1       0       0    0.0085    0.0000   1
NCHCO     36.8885 -121.7057    0.0000    0.0000       2       1       0       0    0.0035    0.0000   1
NCHCR     36.9566 -121.5836    0.0000    0.0000       1       1       0       0    0.0029    0.0000   1
NCHDL     36.8352 -121.6452    0.0000    0.0000       1       3       0       0    0.0089    0.0000   1
NCHER     36.7982 -121.7115    0.0000    0.0000       0       3       0       0    0.0072    0.0000   1
NCHFE     36.9829 -121.4032    0.0000    0.0000       2       2       0       0    0.0024    0.0000   1
NCHFP     36.7535 -121.4917    0.0000    0.0000      10      17       0       0    0.0057    0.0000   1
NCHJG     36.7983 -121.5747    0.0000    0.0000       6       4       0       0    0.0069    0.0000   1
NCHJS     36.8171 -121.2985    0.0000    0.0000       3       8       0       0    0.0058    0.0000   1
NCHLT     36.8846 -121.3093    0.0000    0.0000       1       4       0       0    0.0046    0.0000   1
NCHMO     36.6016 -121.9178    0.0000    0.0000       1       1       0       0    0.0016    0.0000   1
NCHMOB    36.5993 -121.9181    0.0000    0.0000       0       1       0       0    0.0055    0.0000   1
NCHSF     36.8163 -121.4980    0.0000    0.0000       2       1       0       0    0.0071    0.0000   1
NCMBE     36.7454 -119.2829    0.0000    0.0000       1       2       0       0    0.0036    0.0000   1
NCMHD     37.1171 -119.8950    0.0000    0.0000       8       2       1       0    0.0041    0.0228   1
NCMRH     36.2863 -119.0871    0.0000    0.0000       4       6       0       0    0.0036    0.0000   1
NCPAB     35.1573 -120.6376    0.0000    0.0000       4       8       0       0    0.0063    0.0000   1
NCPAD     35.6400 -120.8662    0.0000    0.0000     139     196     770       0    0.0050    0.0613   1
NCPADB    35.6411 -120.8666    0.0000    0.0000       0       0      60       0    0.0000    0.0577   1
NCPAG     35.7325 -120.2504    0.0000    0.0000     440     322    1229       0    0.0046    0.0634   1
NCPAN     35.7801 -120.9071    0.0000    0.0000     400     650    1120       0    0.0051    0.0391   1
NCPAP     35.8959 -121.3669    0.0000    0.0000     118      87     870       0    0.0048    0.0498   1
NCPAR     36.2493 -120.3428    0.0000    0.0000      27      18     124       0    0.0060    0.0540   1
NCPBI     35.1614 -120.4750    0.0000    0.0000      40      40     131       0    0.0047    0.0755   1
NCPBM     35.3945 -120.3539    0.0000    0.0000     114      93     733       0    0.0051    0.0417   1
NCPBP     35.5791 -120.0775    0.0000    0.0000     170      97     298       0    0.0054    0.0609   1
NCPBS     35.7457 -120.1490    0.0000    0.0000      66      48      67       0    0.0060    0.0667   1
NCPBW     36.3167 -120.9309    0.0000    0.0000     209     140     460       0    0.0044    0.0570   1
NCPCA     35.9315 -120.3383    0.0000    0.0000    1211     717    4519       0    0.0044    0.0400   1
NCPCB     35.5184 -121.0607    0.0000    0.0000      52     107     129       0    0.0046    0.0560   1
NCPCC     36.0898 -121.1636    0.0000    0.0000     255      85     860       1    0.0050    0.0502   1
NCPCR     36.0939 -120.4358    0.0000    0.0000     263     203     802       0    0.0037    0.0388   1
NCPDR     36.3363 -120.3700    0.0000    0.0000      67      43     306       0    0.0049    0.0676   1
NCPGH     35.8308 -120.3538    0.0000    0.0000    1025     745    1533       0    0.0032    0.0535   1
NCPHA     35.8362 -120.3986    0.0000    0.0000    1088     764    3464       0    0.0037    0.0400   1
NCPHB     36.2485 -120.0840    0.0000    0.0000       1       2      38       0    0.0022    0.0643   1
NCPHC     35.6822 -121.1537    0.0000    0.0000      48      76     185       0    0.0053    0.0520   1
NCPHF     35.8816 -120.4016    0.0000    0.0000    1094     946    4068      71    0.0030    0.0507   1
NCPHO     35.8667 -120.4797    0.0000    0.0000    1204     989    4893     836    0.0031    0.0318   1
NCPHP     35.9805 -120.6068    0.0000    0.0000    1049     922    5785     558    0.0047    0.0329   1
NCPHR     36.3730 -120.8189    0.0000    0.0000      37      24      52       0    0.0060    0.0608   1
NCPHS     35.8238 -121.0538    0.0000    0.0000     876     706    2713       0    0.0041    0.0362   1
NCPIR     35.5544 -120.2233    0.0000    0.0000     194     161    1063       0    0.0044    0.0664   1
NCPJC     36.0959 -120.3716    0.0000    0.0000      17       5     197       0    0.0016    0.0515   1
NCPJL     36.0905 -121.1581    0.0000    0.0000     222     170     468       0    0.0037    0.0533   1
NCPJU     36.2270 -120.5935    0.0000    0.0000       7       5      39       0    0.0045    0.0798   1
NCPKE     36.0610 -120.1096    0.0000    0.0000      21      20      95       0    0.0060    0.0622   1
NCPKY     35.2640 -120.6666    0.0000    0.0000     108      68     163       0    0.0052    0.0549   1
NCPL11    35.9740 -120.5512    0.0000    0.0000      14      18      45       0    0.0037    0.0238   1
NCPLO     36.2463 -121.0430    0.0000    0.0000     644     372    2388       0    0.0041    0.0473   1
NCPMC     35.7252 -120.3706    0.0000    0.0000     527     452    2299      13    0.0041    0.0375   1
NCPMG     35.4298 -120.5201    0.0000    0.0000     280     142    1108       0    0.0040    0.0346   1
NCPML     34.8947 -120.6095    0.0000    0.0000       5      10       2       0    0.0049    0.0223   1
NCPMM     35.9563 -120.4985    0.0000    0.0000    1246    1293    5236     324    0.0038    0.0515   1
NCPMP     36.2157 -120.7974    0.0000    0.0000     328     255    1052       0    0.0045    0.0454   1
NCPMR     35.7843 -120.2368    0.0000    0.0000     541     333    1061       0    0.0045    0.0586   1
NCPOP     35.7389 -120.1334    0.0000    0.0000       1       2      16       0    0.0046    0.0496   1
NCPPB     35.2610 -120.8862    0.0000    0.0000       1       6       7       0    0.0066    0.0805   1
NCPPC     35.9497 -120.5954    0.0000    0.0000    1172    1140    4978    1272    0.0029    0.0318   1
NCPPG     35.8626 -119.9565    0.0000    0.0000      10       4      88       0    0.0056    0.0534   1
NCPPR     35.6477 -120.7007    0.0000    0.0000       1       3       1       0    0.0078    0.0233   1
NCPPT     36.1091 -120.7242    0.0000    0.0000    1266    1064    4864       0    0.0036    0.0360   1
NCPRC     36.2553 -120.6181    0.0000    0.0000      32      21     181       0    0.0049    0.0586   1
NCPRP     36.0008 -120.4767    0.0000    0.0000      25      26     129       0    0.0043    0.0374   1
NCPSA     36.0247 -120.8892    0.0000    0.0000     883     443    2943       0    0.0036    0.0393   1
NCPSC     35.5883 -120.4263    0.0000    0.0000     269     200    1727       0    0.0049    0.0424   1
NCPSM     36.0688 -120.5962    0.0000    0.0000    1186     744    4714       0    0.0043    0.0420   1
NCPSR     35.8562 -120.2804    0.0000    0.0000     643     344    2150       0    0.0036    0.0438   1
NCPST     35.9307 -120.5148    0.0000    0.0000    1044    1134    6240       0    0.0031    0.0296   1
NCPTA     35.3925 -120.7078    0.0000    0.0000     262     154     879       0    0.0040    0.0495   1
NCPTR     35.6542 -120.2133    0.0000    0.0000     170     108     289       0    0.0051    0.0671   1
NCPVC     35.9221 -120.5350    0.0000    0.0000    1034    1260    6415    1849    0.0045    0.0329   1
NCPWK     35.8145 -120.5119    0.0000    0.0000     981     733    5522       0    0.0041    0.0286   1
NCPWM     36.4327 -120.2124    0.0000    0.0000       9       5      16       0    0.0072    0.0616   1
CIBCH     35.1854 -120.0852    0.0000    0.0000      13      11      54       0    0.0047    0.0755   1
CICRG     35.2422 -119.7249    0.0000    0.0000      11      18       1       0    0.0056    0.0077   1
CIPKM     34.8956 -119.8208    0.0000    0.0000       1       3       0       0    0.0014    0.0000   1
CISIM     35.3502 -119.9965    0.0000    0.0000       0       0      42       0    0.0000    0.0738   1
CIYEG     35.4366 -119.9601    0.0000    0.0000       0       0     273       0    0.0000    0.0631   1
