NCAAR         39.2759   -121.0270   911
NCAAS         38.4301   -121.1096    31
NCABA         38.8793   -121.0675   422
NCABJ         39.1658   -121.1930   434
NCABR         39.1381   -121.4882    -1
NCADW         38.4390   -120.8494   228
NCAFD         38.9460   -120.9690   505
NCAFH         39.0399   -120.7950  1039
NCAFO         38.9448   -120.9683   524
NCAFR         38.7922   -121.3493    10
NCAGI         38.8447   -120.9813   305
NCAHD         39.0483   -121.0765   483
NCAHR         38.8548   -121.0720   349
NCALA         38.5671   -120.9569   263
NCALN         38.9291   -121.2870    27
NCAOD         38.6147   -120.7302   504
NCAOH         39.3763   -121.2577   410
NCAPG         38.7926   -121.3586     2
NCAPR         38.8770   -121.2182   113
NCARJ         38.6863   -120.9576   437
NCARR         38.7650   -121.1725   100
NCARW         38.9563   -121.1622   320
NCASM         38.8238   -120.6850  1160
NCASR         38.4977   -121.2048    52
NCAVR         39.0243   -121.2719    95
NCBAP         36.1804   -121.6444  1193
NCBAV         36.6460   -121.0302   572
NCBBG         36.5780   -121.0392  1065
NCBBM         36.5913   -121.0253  1216
NCBBN         36.5100   -121.0755   412
NCBBNa        36.5095   -121.0771   412
NCBCG         36.7096   -121.3428   250
NCBCW         36.3065   -121.5669  1505
NCBEH         36.6648   -121.1754   334
NCBEM         36.6611   -121.0968   464
NCBHR         36.7275   -121.2665   175
NCBHS         36.3558   -121.5398   646
NCBJC         36.5470   -121.3922   173
NCBJCa        36.5472   -121.3939   173
NCBJO         36.6110   -121.3142  1021
NCBLR         36.6670   -121.2733   189
NCBLRa        36.6665   -121.2733   189
NCBMC         36.6567   -121.3653  1022
NCBMH         36.6863   -121.4133   811
NCBMS         36.6631   -120.7929   780
NCBPC         36.5734   -121.6269   173
NCBPF         36.2303   -121.7720   349
NCBPI         36.4901   -121.1696   301
NCBPN         36.5622   -121.6363   305
NCBPO         36.2284   -121.7677   330
NCBPP         36.1687   -121.3780  1591
NCBPR         36.4071   -121.7306   711
NCBPY         36.5650   -121.6358   268
NCBR1         36.6685   -121.5192   399
NCBRM         36.8451   -120.8247   343
NCBRV         36.4247   -121.0190   525
NCBRVa        36.4247   -121.0191   525
NCBS2         36.6337   -121.2335   293
NCBS3         36.6350   -121.2397   267
NCBS4         36.6330   -121.2342   357
NCBSB         36.7378   -121.2868   398
NCBSC         36.6417   -121.2598   323
NCBSG         36.4138   -121.2551   161
NCBSL         36.7765   -121.3501   142
NCBSM         36.3838   -121.4272   884
NCBSMa        36.3837   -121.4292   884
NCBSR         36.6674   -121.5203   375
NCBVL         36.5749   -121.1901   479
NCBVY         36.7462   -121.4158   647
NCCAC         37.9762   -121.7603    74
NCCAD         37.1628   -121.6242   152
NCCADa        37.1639   -121.6276   152
NCCADb        37.1638   -121.6277   152
NCCAI         37.8613   -122.4300   187
NCCAL         37.4512   -121.8004   251
NCCALa        37.4503   -121.8004   251
NCCAO         37.3485   -121.5347   622
NCCBH         37.7968   -121.6462   279
NCCBK         37.8760   -122.2480   276
NCCBR         37.8165   -122.0630   580
NCCBS         37.8178   -121.6413    28
NCCBW         37.9241   -122.1076   201
NCCBZ         37.6911   -121.7172   145
NCCCN         37.7915   -121.9482   219
NCCCO         37.2582   -121.6746   329
NCCCOa        37.2590   -121.6735   329
NCCCR         37.7883   -121.9500   185
NCCCY         37.5516   -122.0910    21
NCCDA         37.7304   -121.7303   167
NCCDB         37.8817   -121.9142  1173
NCCDO         37.7301   -121.8363   169
NCCDS         37.9663   -122.2528   109
NCCDU         38.0299   -122.0016   160
NCCDV         37.5665   -121.6793   262
NCCFR         37.6857   -121.6710   260
NCCGP         37.6454   -122.0114   337
NCCLC         37.7381   -122.0650   286
NCCMC         37.7812   -122.1768    52
NCCMD         37.8673   -121.9282   719
NCCMH         37.3591   -121.7576   503
NCCMI         37.5448   -121.8924 -9999
NCCMJ         37.5202   -121.8733   479
NCCML         37.4775   -121.6529  1055
NCCMM         37.4557   -121.4937  1117
NCCMN         37.6279   -121.7072   209
NCCMO         37.8110   -121.8037   745
NCCMP         37.3577   -121.3183   760
NCCMPa        37.3577   -121.3183   760
NCCMR         37.5950   -121.6380   470
NCCNC         37.7560   -121.9900   306
NCCNI         37.6079   -121.9646   393
NCCOR         37.4653   -121.7343   964
NCCOS         37.5080   -121.3751   972
NCCOSa        37.5080   -121.3751   972
NCCPA         37.6313   -121.9562   463
NCCPI         37.9889   -122.2156   203
NCCPL         37.6375   -121.9607   317
NCCPM         37.9491   -122.4085    94
NCCPN         37.6502   -121.8617   200
NCCPPa        37.7011   -121.6844    79
NCCPP         37.7009   -121.6844   206
NCCPR         37.4292   -121.7425   975
NCCPS         37.6900   -121.7000   155
NCCRA         37.7672   -121.9375   171
NCCRP         37.9127   -121.9065   303
NCCSA         37.6724   -121.7029   177
NCCSC         37.2852   -121.7725   128
NCCSH         37.6480   -122.0428   170
NCCSL         37.7242   -122.1193   219
NCCSP         37.9571   -122.3115   179
NCCST         37.6406   -121.4980   187
NCCSTB        37.6397   -121.4983   190
NCCSV         37.8653   -122.0063   199
NCCTF         37.6463   -121.6725   295
NCCTH         37.6680   -121.6557   344
NCCTL         37.6573   -121.6438   458
NCCVA         37.6182   -121.7599   174
NCCVL         37.6236   -121.8364   313
NCCVP         37.8840   -122.2232   527
NCCVY         37.6562   -121.8316   131
NCCYB         37.8079   -122.3618    -6
NCCYH         37.5590   -122.0937    38
NCGAC         38.8727   -122.8629   968
NCGAF         38.8932   -123.5380   710
NCGAR         38.9600   -122.2503   242
NCGAX         38.7107   -122.7572   367
NCGBB         39.8013   -122.3455   170
NCGBD         39.4424   -123.3107   632
NCGBG         38.8144   -122.6826  1103
NCGBM         39.1409   -122.4974  1010
NCGBO         38.8243   -122.8428   879
NCGCB         39.3913   -123.5230   599
NCGCK         39.5438   -122.4367   251
NCGCM         38.8058   -122.7552  1286
NCGCR         38.7738   -122.7165   693
NCGCRa        38.7733   -122.7172   693
NCGCS         39.0228   -123.5212   695
NCGCV         38.7690   -123.0148   125
NCGCVa        38.7694   -123.0149   125
NCGCW         39.1308   -123.0771  1050
NCGDC         38.7678   -123.2396   736
NCGDX         38.8078   -122.7947   910
NCGFC         39.3266   -122.2889    64
NCGFT         38.7930   -122.8340   755
NCGGL         38.8967   -122.7763   893
NCGGP         38.7643   -122.8453  1023
NCGGPa        38.7646   -122.8449  1023
NCGGU         38.8564   -123.4982   645
NCGHC         38.6060   -123.1978   477
NCGHG         39.1281   -122.8245   871
NCGHL         39.0406   -123.0194   943
NCGHM         39.4955   -122.9310  1456
NCGHO         39.0445   -123.5411   671
NCGHV         39.0853   -122.7359  1025
NCGMC         38.7929   -123.1279   421
NCGMK         38.9696   -122.7877   904
NCGMM         38.8382   -122.7988   963
NCGMO         38.7102   -123.1432   802
NCGNA         39.1975   -123.6320   318
NCGNAa        39.1974   -123.6318   333
NCGPM         38.8465   -122.9471   712
NCGPMa        38.8450   -122.9464   712
NCGRM         39.0205   -122.5843   469
NCGRN         39.1753   -123.5755    73
NCGRO         39.9168   -122.6712  1261
NCGRT         38.9387   -122.6711   590
NCGSG         38.8663   -122.7109  1057
NCGSGa        38.8663   -122.7088  1057
NCGSM         38.7692   -122.7812  1017
NCGSN         38.9404   -123.1925   849
NCGSS         38.7021   -123.0143   274
NCGTC         39.3994   -123.5553   369
NCGTS         39.3116   -122.6034  1069
NCGVV         39.7751   -122.6755  1457
NCGWK         39.0522   -122.4921   824
NCGWKa        39.0522   -122.4924   824
NCGWR         39.2057   -123.3010   654
NCHAZ         36.8845   -121.5920    98
NCHBT         36.8502   -121.5519    68
NCHCA         37.0254   -121.4845   300
NCHCB         36.9314   -121.6618   200
NCHCC         36.9813   -121.7225   159
NCHCO         36.8885   -121.7057   115
NCHCOa        36.8875   -121.7093   115
NCHCP         37.1945   -121.1847   513
NCHCR         36.9566   -121.5836   204
NCHCZ         36.9090   -121.8003    30
NCHDL         36.8352   -121.6452   179
NCHDLa        36.8353   -121.6466   203
NCHER         36.7982   -121.7115    39
NCHFE         36.9829   -121.4032   290
NCHFEa        36.9829   -121.4032   290
NCHFH         36.8882   -121.4688   101
NCHFO         36.7910   -121.4547   433
NCHFP         36.7535   -121.4917   658
NCHGS         37.0962   -121.4479   778
NCHGSa        37.0955   -121.4483   778
NCHGW         37.0170   -121.6533   133
NCHJG         36.7983   -121.5747   121
NCHJS         36.8171   -121.2985   162
NCHKR         36.9017   -121.4260    66
NCHLT         36.8846   -121.3093   180
NCHLP         37.0413   -121.6319   102
NCHMO         36.6016   -121.9178   178
NCHMOa        36.6005   -121.9178   178
NCHMOb        36.6003   -121.9178   178
NCHMOB        36.5993   -121.9181   200
NCHNU         36.8243   -121.4573   128
NCHOR         36.9189   -121.5150    39
NCHPC         37.0599   -121.2758   468
NCHPH         36.8561   -121.4071    88
NCHPHa        36.8561   -121.4060    70
NCHPL         37.0520   -121.2911   125
NCHPR         36.9532   -121.6950    94
NCHQR         36.8337   -121.2127   536
NCHS1         37.0812   -121.0612   116
NCHS2         37.0317   -121.0553   293
NCHS3         37.1147   -121.1382   189
NCHS4         37.0043   -121.1150   219
NCHS5         37.0710   -121.1560   180
NCHS6         37.0283   -121.0920   302
NCHS7         37.0297   -121.1402   219
NCHS8         37.0802   -121.0942   122
NCHSF         36.8163   -121.4980   213
NCHSFa        36.8168   -121.4980   156
NCHSL         37.0191   -121.0861   488
NCHSLa        37.0192   -121.0861   488
NCHSP         37.1150   -121.5171   826
NCJAL         37.1578   -121.8482   214
NCJBC         37.1648   -122.0298   661
NCJBE         37.3423   -122.3385   158
NCJBG         37.3430   -122.3398   135
NCJBK         37.3158   -122.1638   170
NCJBL         37.1278   -122.1663   750
NCJBLa        37.1275   -122.1690   750
NCJBM         37.3170   -122.1539   761
NCJBN         37.1232   -122.1567   761
NCJBZ         37.0181   -121.8203   179
NCJCB         37.1115   -121.6899   161
NCJCH         37.5170   -122.3773   290
NCJCP         37.5883   -122.3234   -19
NCJCR         37.1908   -121.7652   230
NCJEC         37.0505   -121.8104   399
NCJEG         37.5138   -122.4634   169
NCJEL         36.9274   -121.8278    55
NCJEM         37.0352   -122.1042   442
NCJHL         37.1091   -121.8345   841
NCJHP         37.4441   -122.3040   341
NCJJR         37.3445   -122.2027   400
NCJKR         37.2417   -122.1303   607
NCJLA         37.1543   -121.7340   308
NCJLH         37.3313   -122.2803   226
NCJLP         37.1110   -121.8430  1152
NCJLT         37.3537   -122.2042   270
NCJLX         37.2019   -121.9874   218
NCJMB         37.2907   -122.0905   347
NCJMG         37.6373   -122.4760   161
NCJMGa        37.6375   -122.4760   161
NCJMO         37.4502   -122.1833    21
NCJNA         37.1770   -121.8447   512
NCJP2         37.3243   -122.1102   488
NCJPL         36.9775   -121.8338    92
NCJPP         37.2645   -122.2130   139
NCJPPa        37.2626   -122.2141   139
NCJPPb        37.2626   -122.2142   139
NCJPQ         37.3247   -122.1055   466
NCJPQa        37.3250   -122.1047   453
NCJPR         37.7947   -122.4743    83
NCJPRa        37.7950   -122.4746    83
NCJPS         37.1984   -122.3485    44
NCJQB         37.3223   -122.1113   400
NCJQE         37.3232   -122.1020   400
NCJQN         37.3248   -122.1090   457
NCJQO         37.3193   -122.1050   354
NCJQS         37.3187   -122.1102   396
NCJQW         37.3233   -122.1163   564
NCJRG         37.0378   -121.9657   207
NCJRI         37.7880   -122.3895     8
NCJRR         37.0543   -121.7278   399
NCJRW         37.4873   -122.1292  -180
NCJRX         37.4052   -122.1758   143
NCJSA         37.5822   -122.4201   221
NCJSB         37.6743   -122.3986   180
NCJSC         37.2843   -122.1242   329
NCJSF         37.4046   -122.1741   112
NCJSG         37.2832   -122.0508   166
NCJSGB        37.2840   -122.0502   134
NCJSJ         37.3338   -122.0923    92
NCJSL         37.5760   -122.4233   335
NCJSM         37.2126   -122.1691   253
NCJSMa        37.2123   -122.1687   253
NCJSN         37.0140   -122.0345   137
NCJSP         37.5864   -122.5022    30
NCJSS         37.1695   -121.9318   921
NCJST         37.2056   -121.7986   103
NCJTG         37.0285   -121.8777   204
NCJTR         37.3522   -122.1980   251
NCJTW         36.0527   -121.5075  1476
NCJUC         37.0010   -122.0492   156
NCJUCa        37.0010   -122.0490   156
NCJUM         37.1607   -121.8990  1027
NCJWS         37.4180   -122.2722   280
NCKBB         40.1971   -123.8515   538
NCKBN         39.8924   -123.1950  1329
NCKBR         40.7290   -123.9545   795
NCKBS         39.9175   -123.5956  1120
NCKBSa        39.9172   -123.5956  1120
NCKCP         39.6873   -123.5777  1261
NCKCPa        39.6863   -123.5824  1261
NCKCR         40.4262   -123.8204   873
NCKCRa        40.4264   -123.8206   873
NCKCS         40.5379   -123.5139  1640
NCKCT         40.4756   -124.3375   378
NCKEB         42.8722   -124.3343   818
NCKFP         39.6389   -123.4251   768
NCKGM         40.7588   -123.6738  1604
NCKHB         40.6599   -123.2197  1864
NCKHM         40.8745   -123.7324  1476
NCKIP         39.8084   -123.4813  1341
NCKJJ         40.2474   -124.3083   693
NCKKP         40.1458   -123.4697  1226
NCKMP         40.4175   -124.1206   931
NCKOM         41.2787   -123.4531  1844
NCKPP         40.3458   -123.3633  1738
NCKRK         39.5632   -123.1837  1259
NCKRM         41.5221   -123.9063  1247
NCKRP         41.1588   -124.0237   811
NCKRPa        41.1575   -124.0235   811
NCKSC         42.3441   -124.1655  1261
NCKSCa        42.3440   -124.1655  1261
NCKSM         40.1866   -124.1757   931
NCKSMa        40.1868   -124.1757   931
NCKSP         39.5183   -123.5016   809
NCKSX         41.8308   -123.8768  1120
NCKTR         41.9085   -123.3775  1347
NCLAC         40.4275   -122.3849   198
NCLAM         41.6099   -122.6256  1769
NCLAS         41.5993   -121.5777  2047
NCLBA         40.5727   -121.4310  2121
NCLBC         40.8367   -121.3499  1525
NCLBF         41.3471   -121.8910  1961
NCLBG         40.8023   -122.5897   884
NCLBK         41.0838   -122.6673  1304
NCLBM         40.7328   -122.3658   841
NCLBP         40.3167   -122.8819  1019
NCLCA         41.1688   -122.2728   689
NCLCF         40.4862   -121.5277  2419
NCLCFa        40.4862   -121.5270  2419
NCLCMa        40.1468   -121.5228  1806
NCLCM         40.1466   -121.5225  1806
NCLCS         41.4162   -122.3925  1125
NCLDB         40.4310   -121.7863  1173
NCLEH         41.2397   -122.2903  1511
NCLGB         41.3337   -122.1877  1952
NCLGBa        41.3342   -122.1877  1952
NCLGH         41.6115   -121.6210  2146
NCLGL         41.6168   -122.2042  1524
NCLGM         41.5993   -121.8363  1607
NCLGP         40.9123   -122.8295  1265
NCLGR         41.6392   -122.4805   780
NCLHC         40.8043   -121.5171  1012
NCLHE         41.6292   -122.2316  2117
NCLHEa        41.6286   -122.2316  2117
NCLHH         41.5228   -121.5325  1890
NCLHK         40.4330   -121.2779  2014
NCLHM         40.8968   -122.2450  1064
NCLHO         40.6852   -122.7500  1378
NCLHP         41.4865   -121.8673  1622
NCLMD         41.5730   -121.6230  2140
NCLME         40.5376   -121.5713  1772
NCLMEa        40.5379   -121.5718  1760
NCLMH         41.5787   -121.6585  2201
NCLML         40.4752   -121.5082  2650
NCLMM         41.5653   -121.6185  2210
NCLMP         41.4880   -122.1548  1860
NCLMZ         40.5455   -121.5640  1792
NCLOM         41.6673   -121.9723  1775
NCLPB         41.4240   -121.6057  1527
NCLPD         41.1938   -121.6973  1211
NCLPG         40.1451   -122.6879   574
NCLPK         41.4553   -122.5437  1880
NCLRB         40.1432   -122.5577   308
NCLRD         40.4650   -121.4634  2325
NCLRR         40.4663   -121.6223  1817
NCLRS         41.5815   -121.5234  2373
NCLSF         40.6582   -122.5237  1042
NCLSH         40.7933   -122.0396   738
NCLSHa        40.7933   -122.0399   738
NCLSHb        40.7929   -122.0394   738
NCLSI         40.3966   -121.4231  1857
NCLSL         40.4270   -121.5346  2004
NCLSM         40.2798   -121.3028  1821
NCLSR         41.1070   -122.2706  1524
NCLSS         41.5140   -121.6120  1890
NCLTC         40.2085   -122.1255   233
NCLTCa        40.2084   -122.1255   233
NCLTI         41.1761   -121.4888  1156
NCLTN         41.6055   -121.9188  1445
NCLTS         41.5683   -121.9973  1920
NCLVR         40.0394   -122.6725   943
NCLWD         40.6118   -122.5273   390
NCLWE         41.4358   -122.4513   988
NCLWH         40.6418   -121.9486   539
NCLWP         40.5942   -121.3788  2491
NCMAT         37.8733   -119.8667  1353
NCMBE         36.7454   -119.2829   990
NCMBF         37.6785   -120.3633   309
NCMBO         37.6850   -120.3708   266
NCMBR         38.0080   -120.4153   387
NCMBU         37.5597   -120.0756  1248
NCMBY         37.6408   -118.9358  2325
NCMCD         37.5480   -118.4434  1411
NCMCE         37.9388   -120.5293   373
NCMCH         38.0187   -120.5095   475
NCMCL         37.5903   -118.8252  2581
NCMCM         37.6092   -118.8734  2219
NCMCMa        37.6094   -118.8736  2219
NCMCN         37.6338   -118.9272  2280
NCMCR         37.6777   -118.7850  2122
NCMCS         37.6549   -118.9058  2399
NCMCU         37.9732   -120.6195   309
NCMCUB        37.9754   -120.6202   408
NCMCV         37.5900   -118.8291  2542
NCMCW         37.6442   -118.9282  2280
NCMDC         37.7097   -119.0418  2493
NCMDCa        37.7097   -119.0419  2493
NCMDE         37.5405   -120.6130    80
NCMDP         37.6325   -119.0797  2315
NCMD1         37.6380   -118.8327  2220
NCMDR         37.6379   -118.8357  2191
NCMDRa        37.6380   -118.8359  2191
NCMDW         37.6313   -118.9162  2350
NCMEC         37.8023   -120.9837    37
NCMEM         37.6660   -118.9398  2473
NCMFB         37.4293   -118.4289  1348
NCMFL         38.0195   -120.5833   880
NCMGP         37.6264   -118.9025  2190
NCMHD         37.1171   -119.8950   147
NCMHI         37.1197   -119.9162   146
NCMLC         37.6121   -118.9153  2471
NCMLH         37.6786   -118.8150  2101
NCMLK         37.6641   -118.9765  2644
NCMLL         37.5788   -118.9050  3030
NCMLM         37.7280   -118.9469  2501
NCMLR         38.0914   -120.1625  1349
NCMMI         37.4196   -119.7438  1288
NCMML         37.6560   -118.9780  2610
NCMMM         37.8862   -120.5067   362
NCMMP         37.6097   -119.0287  2818
NCMMS         37.6304   -119.0317  3324
NCMMT         37.3760   -119.1796  2714
NCMMW         38.0638   -120.1815  1411
NCMNH         38.1457   -120.8148   189
NCMNHB        38.1459   -120.8136   206
NCMNP         37.4137   -119.7252   975
NCMNPa        37.4148   -119.7280  1000
NCMOG         37.4917   -118.5032  1542
NCMOY         37.8996   -120.5691   148
NCMPR         37.8043   -120.0141  1386
NCMRC         37.6737   -118.5071  2023
NCMRD         37.5980   -119.0581  2672
NCMRDa        37.5978   -119.0587  2657
NCMRF         38.2452   -120.5182   748
NCMRH         36.2863   -119.0871   432
NCMRS         37.5107   -118.8822  3680
NCMSK         37.6529   -119.0246  2657
NCMSL         37.6167   -118.9566  2479
NCMSM         37.1865   -120.4972    43
NCMST         37.9040   -120.4071   352
NCMSV         38.2299   -120.6140   852
NCMTC         37.6317   -118.9650  2398
NCMTCa        37.6315   -118.9661  2371
NCMTG         37.5613   -120.1043   634
NCMTU         37.3529   -118.5633  1792
NCMTUa        37.3532   -118.5633  1792
NCMWB         37.1683   -118.3380  1544
NCMYL         37.3835   -120.4205    57
NCMYM         37.6255   -118.9362  2340
NCMYO         37.3780   -120.4197    84
NCNAB         37.9392   -122.7588   140
NCNAD         38.4599   -121.9704    38
NCNAP         38.4382   -122.2499   714
NCNAPB        38.4391   -122.2523   724
NCNBO         37.9214   -122.7181    91
NCNBP         38.6681   -122.1947   836
NCNBR         38.2610   -122.5510   106
NCNCD         38.3698   -122.4617   620
NCNCF         38.3212   -122.7963    75
NCNCFa        38.3211   -122.7962    75
NCNCP         38.7857   -122.1239   505
NCNCPa        38.7859   -122.1239   505
NCNDH         38.7654   -121.9129    42
NCNFI         37.6983   -123.0000   107
NCNFR         38.5225   -123.1622   484
NCNFRa        38.5227   -123.1621   521
NCNGV         38.2807   -122.2152   249
NCNGVa        38.2801   -122.2152   249
NCNHB         38.5893   -122.9090   165
NCNHE         38.6703   -122.6338  1200
NCNHF         38.0496   -122.5233    39
NCNHM         38.1543   -121.8024    33
NCNHMa        38.1549   -121.8044    33
NCNIM         38.5616   -122.2654   534
NCNLH         38.1228   -122.1492   180
NCNLN         38.1526   -122.7133    96
NCNMC         38.5910   -122.9129   119
NCNMH         38.6694   -122.6332  1299
NCNMHa        38.6694   -122.6332  1288
NCNMI         38.0760   -122.2585    40
NCNMT         38.8058   -122.4477   412
NCNMW         38.5503   -122.7232   119
NCNMX         38.4113   -122.0573   177
NCNOL         38.0403   -122.7947    17
NCNOM         38.0386   -122.7947    30
NCNPR         37.9965   -123.0177   133
NCNPV         38.6427   -122.4271   187
NCNPVa        38.6427   -122.4272   187
NCNRL         37.8351   -122.5374   111
NCNRR         38.5306   -122.0963   490
NCNSE         38.1827   -122.4533    88
NCNSH         38.5199   -122.6082   307
NCNSM         38.3488   -122.5779   711
NCNSP         38.2002   -122.4644   192
NCNSPa        38.2003   -122.4644   192
NCNTA         37.9231   -122.5983   746
NCNTB         38.2474   -122.9314   115
NCNTI         38.1470   -121.5625     1
NCNTM         38.3858   -122.6805   105
NCNTP         37.9203   -122.5630   274
NCNTY         38.3891   -122.6627   340
NCNVA         38.4156   -122.1165   795
NCNVE         38.3763   -122.4450   784
NCNWA         38.4830   -122.7030   115
NCNWR         38.4571   -122.8884    33
NCOBD         39.4882   -121.4523   306
NCOBH         39.6517   -121.4617   888
NCOBHa        39.6527   -121.4632   888
NCOBHB        39.6518   -121.4619   921
NCOCA         39.5238   -121.6233    98
NCOCH         39.8758   -121.7655   530
NCOCM         39.5242   -121.6237    71
NCOCR         39.8679   -121.7518   538
NCOCX         39.3800   -121.5433    37
NCODA         39.5313   -121.4778   268
NCOFG         39.4117   -121.4760   360
NCOFR         39.5925   -121.4487   378
NCOGO         39.6538   -121.6132   155
NCOHC         39.3359   -121.4853    55
NCOKT         39.4013   -121.4210   250
NCOLN         39.4442   -121.5708    53
NCOLU         39.5120   -121.5123   170
NCOLV         39.5075   -121.5092   166
NCORA         39.4689   -121.4150   552
NCORAa        39.4696   -121.4149   561
NCORD         39.5547   -121.5003   343
NCOSH         39.5563   -121.7173    40
NCOSR         39.3687   -121.5967    29
NCOST         39.3711   -121.5858     9
NCOSU         39.2705   -121.8531    34
NCOTB         39.5458   -121.5608   223
NCOWY         39.4534   -121.4875   143
NCPAB         35.1573   -120.6376   143
NCPABB        35.1589   -120.6399   170
NCPAD         35.6400   -120.8662   430
NCPADB        35.6411   -120.8666   442
NCPAG         35.7325   -120.2504   436
NCPAN         35.7801   -120.9071   426
NCPAP         35.8959   -121.3669  1044
NCPAPa        35.8958   -121.3655  1012
NCPAR         36.2493   -120.3428   452
NCPAV         35.1758   -120.6325   133
NCPBI         35.1614   -120.4750   522
NCPBIa        35.1614   -120.4750   522
NCPBM         35.3945   -120.3539  1049
NCPBP         35.5791   -120.0775   569
NCPBR         35.5485   -121.0090    85
NCPBS         35.7457   -120.1490   811
NCPBW         36.3167   -120.9309   302
NCPBY         35.8150   -121.0815   335
NCPCA         35.9315   -120.3383  1163
NCPCB         35.5184   -121.0607   164
NCPCC         36.0898   -121.1636   372
NCPCG         35.4253   -120.7390   314
NCPCL         35.9413   -120.5255   616
NCPCM         35.8055   -120.4096   671
NCPCR         36.0939   -120.4358   261
NCPCY         36.0908   -121.1562   344
NCPCZ         36.0908   -121.1572   277
NCPDI         36.3363   -120.3763   496
NCPDR         36.3363   -120.3700   428
NCPDRa        36.3358   -120.3700   428
NCPG2         35.8345   -120.3438   428
NCPGC         35.1778   -120.6163   108
NCPGH         35.8308   -120.3538   405
NCPGW         35.1838   -120.6270   148
NCPHA         35.8362   -120.3986   398
NCPHB         36.2485   -120.0840    79
NCPHBa        36.2487   -120.0843    79
NCPHC         35.6822   -121.1537   502
NCPHF         35.8816   -120.4016   457
NCPHG         35.8760   -120.4835   792
NCPHO         35.8667   -120.4797   753
NCPHP         35.9805   -120.6068   548
NCPHR         36.3730   -120.8189   707
NCPHS         35.8238   -121.0538   451
NCPHSa        35.8238   -121.0538   451
NCPIR         35.5544   -120.2233   471
NCPIV         35.9065   -120.6823   497
NCPJC         36.0959   -120.3716   403
NCPJL         36.0905   -121.1581   240
NCPJR         36.0837   -121.1692   336
NCPJU         36.2270   -120.5935   925
NCPKE         36.0610   -120.1096   244
NCPKL         35.7730   -120.3399   422
NCPKY         35.2640   -120.6666   101
NCPKYa        35.2638   -120.6666   101
NCPKYb        35.2640   -120.6667   101
NCPL11        35.9740   -120.5512   627
NCPL11a       35.9745   -120.5516   659
NCPLO         36.2463   -121.0430   251
NCPMC         35.7252   -120.3706   471
NCPMG         35.4298   -120.5201   486
NCPML         34.8947   -120.6095   468
NCPMLa        34.8947   -120.6093   468
NCPMM         35.9563   -120.4985   751
NCPMP         36.2157   -120.7974   754
NCPMR         35.7843   -120.2368   498
NCPOP         35.7389   -120.1334   909
NCPPB         35.2610   -120.8862    63
NCPPC         35.9497   -120.5954   558
NCPPF         35.8818   -120.4135   469
NCPPG         35.8626   -119.9565   177
NCPPR         35.6477   -120.7007   279
NCPPT         36.1091   -120.7242   481
NCPRC         36.2553   -120.6181   575
NCPRP         36.0008   -120.4767  1198
NCPSA         36.0247   -120.8892   150
NCPSC         35.5883   -120.4263   326
NCPSCa        35.5884   -120.4279   326
NCPSE         35.2452   -120.7647   201
NCPSH         35.5908   -120.4153   390
NCPSI         36.3820   -120.9695   503
NCPSM         36.0688   -120.5962   957
NCPSN         35.7878   -120.2951   390
NCPSR         35.8562   -120.2804   480
NCPST         35.9307   -120.5148   559
NCPTA         35.3925   -120.7078   802
NCPTF         35.8942   -120.4100   572
NCPTQ         34.5819   -120.5740   448
NCPTR         35.6542   -120.2133   594
NCPTY         35.9455   -120.4742   552
NCPVC         35.9221   -120.5350   770
NCPWK         35.8145   -120.5119   470
NCPWM         36.4327   -120.2124    45
NCQAS         37.0925   -116.3160  1667
NCQBC         38.3113   -116.2773  1591
NCQBE         36.8833   -116.7667  1183
NCQBL         37.3013   -116.6162  1838
NCQBM         37.1428   -116.3857  1524
NCQCC         37.4702   -117.9365  1682
NCQCE         37.7280   -116.3107  2170
NCQCP         37.7498   -116.8675  2085
NCQDH         37.2833   -116.3050  2135
NCQEC         38.4688   -115.9983  1682
NCQEO         37.2135   -116.3157  2198
NCQFA         37.2783   -116.4433  1999
NCQGF         37.6810   -117.2458  1290
NCQGM         37.5267   -115.8017  1942
NCQGP         37.4228   -116.5647  1603
NCQGS         37.4293   -116.3920  1649
NCQHC         38.5907   -116.2455  1811
NCQHG         37.2250   -117.7317  1268
NCQHM         38.5047   -116.1465  2210
NCQHR         38.5232   -116.3730  1786
NCQHT         37.3777   -117.8300  1634
NCQLM         37.5928   -117.9268  1661
NCQMM         37.4193   -117.5935  2170
NCQOD         37.5530   -117.7527  2173
NCQPA         37.2263   -116.5067  1891
NCQPH         37.2297   -116.4468  1990
NCQPS         38.7660   -116.2037  1942
NCQSB         38.6280   -116.1480  1960
NCQSI         37.3752   -116.4342  1637
NCQSL         37.3083   -117.4147  1963
NCQSW         37.1443   -116.2632  1737
NCQTH         37.1570   -116.6673  1628
NCQTR         37.2863   -116.5145  1936
NCQUB         36.8913   -117.5040  1414
NCQVC         37.2582   -117.8963  1079
NCQWM         37.9458   -115.6292  1890
NCQYC         37.1550   -116.1553  1695
NCQYD         37.1327   -116.0980  1094
NCQYJ         37.0080   -115.9747  1286
NCQYM         37.2313   -116.0523  1603
NCQYN         37.1417   -116.0878  1329
NCQYR         37.0537   -116.0917  1279
NCQYS         37.0325   -116.1688  1509
NCQYV         37.1128   -115.9900  1442
NCSCL         34.4125   -119.3612   171
NCSCO         34.1820   -118.9868   317
NCSCP         34.0888   -118.9642   549
NCSEG         34.1325   -119.1472     3
NCSSR         34.4097   -119.2025 -9999
NCVAB         42.7100   -121.7122  1840
NCVBB         45.5375   -121.5305  1122
NCVBE         45.0603   -121.5868  1544
NCVBP         44.6610   -121.6890  1876
NCVBR         42.5350   -122.2972  2008
NCVBU         45.5060   -121.9258   635
NCVBY         45.2632   -121.5920  1707
NCVCL         42.8785   -122.1202  2048
NCVCM         42.0955   -121.9888  1889
NCVCP         44.6712   -122.0895  1161
NCVCR         45.4263   -121.7810  1097
NCVFB         43.6585   -120.2375  1369
NCVFL         45.2173   -121.6653  1613
NCVFP         45.3182   -121.4652  1722
NCVFX         43.6113   -120.8428  1841
NCVGB         45.5157   -120.7775   729
NCVGC         45.3115   -121.7513  1256
NCVGM         43.5923   -122.5460  1561
NCVGP         44.4833   -122.5815  1212
NCVGT         45.1498   -122.2653   993
NCVHA         42.0690   -121.9713  2009
NCVHB         42.7853   -121.3500  1957
NCVHE         45.3287   -121.6743  1739
NCVHH         45.2647   -123.3095   533
NCVHK         45.4130   -121.9105  1337
NCVHM         45.3292   -121.6645  1649
NCVHO         45.2192   -123.7253   951
NCVHR         45.1635   -121.8937  1414
NCVHY         42.2645   -121.0492  1932
NCVIP         44.5082   -120.6188  1731
NCVIQ         42.3297   -122.2280  1686
NCVIS         45.5747   -121.8225  1305
NCVJY         44.9022   -120.9742   951
NCVKP         42.6922   -122.1055  1768
NCVLL         45.4633   -121.6792  1195
NCVLM         45.5393   -122.0385  1158
NCVLO         44.8795   -122.3930  1351
NCVMD         45.6527   -121.7122  1317
NCVMH         44.1377   -122.4073   902
NCVMN         45.1868   -121.0530   555
NCVNP         43.1300   -121.9988  1774
NCVOM         45.3830   -121.8850   589
NCVPE         43.7908   -120.9447  1932
NCVPM         43.1933   -120.6663  1387
NCVPP         45.1990   -121.5000  1128
NCVRB         44.6008   -121.2702   743
NCVRC         42.3294   -122.2277  1666
NCVRH         43.7045   -121.7045 -9999
NCVSB         43.5237   -121.3473  1664
NCVSC         43.3725   -123.0632  1295
NCVSM         44.9603   -123.1275   290
NCVSO         42.7267   -121.7983  1659
NCVSP         42.3416   -121.9499  1545
NCVSR         45.3122   -121.9423   500
NCVTC         44.2408   -121.6658  1690
NCVTD         45.5453   -121.3115   305
NCVTH         45.1812   -120.5605   773
NCVTJ         45.4158   -121.6470  1753
NCVWB         43.9137   -121.5545  1736
NCVWC         45.2418   -121.7970  1457
NCVWM         43.3050   -121.7158  2158
NCWBC         36.0543   -117.7282  1265
NCWCN         35.9882   -117.7500   890
NCWDE         36.0975   -117.9258  1152
NCWDK         36.0510   -117.8088  1347
NCWJR         35.9943   -117.8215  1366
NCWLL         35.9522   -117.9522   975
NCWLP         35.5077   -118.4087  2265
NCWLR         36.2063   -117.9988  1326
NCWMF         36.1172   -117.8548  1530
NCWMP         35.6406   -118.7857  1078
NCWSL         36.0193   -117.8458  1116
WRBKW         39.7692   -120.4355  2210
WRCSP         34.2980   -117.3583  1239
WRFRI         36.9920   -119.7080   119
WRGAS         39.6548   -122.7152  1231
WRGBB         39.8008   -122.3463   246
WRGFR         39.6170   -122.4278   236
WRGRM         39.9172   -122.6695  1307
WRHUF         40.0442   -120.8850  2204
WRKPK         39.5835   -121.3053   897
WRMGL         39.8118   -121.5570  1010
WRORV         39.5538   -121.5003   362
WRPAM         39.4490   -121.5198   131
WRPEC         33.8920   -117.1613   582
WRPYR         34.5678   -118.7419  1209
WRSAC         38.5757   -121.4978     8
WRSAQ         37.0458   -120.9485    76
WRSCK         37.1833   -121.0702    69
WRSDF         37.1122   -120.9873    38
WRSFM         40.4587   -120.3568  2053
WRSHA         40.4587   -120.3568  2053
WRSHR         37.1453   -121.1220   366
WRSLD         37.0747   -121.2205   443
WRSNC         36.9850   -121.1298   177
WRSSR         37.0013   -121.0425   328
BKBKS         37.8762   -122.2356   244
BKBRK         37.8735   -122.2610    49
BKCMB         38.0345   -120.3865   697
BKEKR         40.6950   -124.1400    49
BKFHC         40.8017   -123.9850   610
BKFOX         40.5210   -123.9920   113
BKFRE         36.7683   -119.7967    88
BKFRI         36.9920   -119.7080   119
BKGCC         37.0300   -121.9970   122
BKJAS         37.9467   -120.4383   457
BKJAS1        37.9267   -120.4200   427
BKKFC         37.9550   -122.5527     6
BKLLA         36.6170   -120.9430   475
BKMHC         37.3420   -121.6420  1282
BKMIN         40.3450   -121.6050  1495
BKPCC         37.5000   -122.3820    91
BKPKD1        35.8892   -120.4249     5
BKPRI         36.1417   -120.6650  1187
BKPRS         36.3317   -121.3700   363
BKSAO         36.7640   -121.4472   317
BKWDC         40.5799   -122.5411   268
BKWK2         40.3892   -124.2955   976
BKWKC         40.3933   -124.2875   976
BKZSP         37.9450   -122.2570   119
CIABL         34.8484   -119.2250  1975
CIADL         34.5558   -117.4180   868
CIAMS         33.1413   -115.2542   140
CIARB         34.0043   -117.6054   308
CIARG         36.0837   -117.4806  2500
CIARV         35.1269   -118.8301   236
CIAZU         34.2198   -117.9012  1140
CIBAC         33.6122   -117.0406   551
CIBAL         34.3076   -118.9671   258
CIBAR         32.6800   -116.6721   496
CIBAT         33.4583   -115.8415   -53
CIBC2         33.6570   -115.4620   995
CIBC3         33.6548   -115.4531  1080
CIBCH         35.1854   -120.0852  1109
CIBCK         32.7249   -115.0447    -6
CIBCM         33.6554   -115.4488  1087
CIBHM         34.2789   -116.6160  1806
CIBLC         34.2436   -118.6731   607
CIBLK         35.0887   -117.2197   619
CIBLU         34.4069   -117.7278  1843
CIBMM         33.7567   -114.5864   516
CIBMT         35.1364   -118.5972  1200
CIBNP         37.9884   -118.3026  2401
CIBON         32.6973   -115.2690   -14
CIBOO         34.8763   -117.9111   671
CIBPK         34.1247   -114.2104   457
CIBRA         32.9790   -115.5494   -67
CIBR2         32.9790   -115.5494   -67
CIBRG         33.1714   -116.1747   205
CIBRS         33.9715   -116.9127  1075
CIBRT         34.6121   -117.9635   757
CIBTL         34.2570   -117.0052  2527
CICAH         33.4930   -116.7239  1313
CICAL         35.1033   -117.9492   690
CICAM         34.2545   -119.0342   222
CICAV         35.0507   -116.3453   558
CICBK         32.9158   -116.2523   355
CICCM         33.4292   -115.4654   440
CICCR         34.3608   -116.9409  1383
CICDY         34.8301   -116.3372   934
CICFL         34.3330   -118.0239  1560
CICFT         34.0352   -117.1119   648
CICH2         33.2962   -115.3369   298
CICHM         34.5530   -114.5727   647
CICIS         33.4067   -118.4042   436
LACIW         33.4657   -118.5515    87
CICJV         34.5298   -118.1445  1296
CICKC         34.1364   -117.1755   506
CICLC         35.8157   -117.5975   775
CICLI         33.1403   -115.5266   -92
CICLM         34.0961   -117.7230   317
CICO2         33.8452   -115.3435   242
CICOA         32.8634   -115.1234     0
CICOK         32.8495   -115.7279   -50
CICOQ         33.8605   -117.5105   205
CICOT         33.3049   -115.3541   244
CICOX         33.8726   -115.3288   837
CICOY         33.3630   -116.3111   218
CICPE         32.8924   -117.1014   143
CICPM         34.1544   -116.1977   897
CICPT         33.3034   -117.3408    14
CICRG         35.2422   -119.7249  1169
CICRR         32.8868   -115.9692    66
CICTW         33.6773   -115.8721   504
CICWC         36.4399   -118.0802  1553
CIDAH         32.7346   -115.5586   -42
CIDB2         33.7352   -117.0629   591
CIDBB         33.7334   -117.0980   627
CIDBM         34.9788   -118.3611  1162
LADCA         34.3120   -119.5622  -120
LADCC         34.3095   -119.6567  -126
LADCE         34.3667   -119.6234   -90
LADHB         34.0124   -118.3877  1467
CIDHB         34.0124   -118.3877  1467
LADHB1        34.0124   -118.3877  -420
CIDHS         33.9264   -116.3863   396
CIDTP         35.2674   -117.8458   908
CIDVL         34.1999   -117.3290   554
CIEAG         33.8490   -115.4739   319
CIECF         34.4580   -119.0915   956
CIEDW         34.8830   -117.9911   762
CIELM         34.5264   -117.6406   954
CIEL2         34.5295   -117.6435  1106
CIELR         33.1475   -115.8334   -97
CIELS         33.6470   -117.4281   790
CIEMS         32.7392   -114.9852    11
CIERP         32.7431   -115.6635   -42
CIEWC         33.9372   -116.3822   466
CIEW2         33.9403   -116.4082   639
CIFAL         34.3098   -117.8100  2271
CIFIL         34.4234   -118.8353   205
CIFLS         34.9704   -117.0391   990
LAFMA         33.7183   -118.2849   -10
CIFNK         33.3831   -115.6384   -36
CIFOX         34.7443   -118.2326   683
CIFRG         33.7572   -116.0623   887
CIFRK         33.4021   -115.6384    60
CIFTC         34.8715   -118.9002   986
CIFTCa        34.8733   -118.8933   990
CIFTM         32.5549   -114.3342   213
CIGAL         35.2137   -117.7555   936
CIGAV         34.0225   -117.5049   262
LAGFP         34.1316   -118.3198   339
CIGFP         34.1316   -118.3198   339
CIGLA         33.0520   -114.8270   627
CIGRH         34.3080   -118.5595   723
CIGRP         34.8048   -115.6070   978
CIGSC         35.3018   -116.8057   954
CIGTM         34.2946   -116.3560   836
CIGVR         34.0497   -118.1199   141
CIHAY         33.7074   -115.6389   413
CIHCM         33.9940   -118.3841    19
LAHCM         33.9940   -118.3830    56
CIHDG         34.4289   -116.3058  1302
CIHMT         33.7088   -117.0039   582
CIHOD         34.8389   -117.2475   807
CIHOL         34.4582   -117.8450  1160
CIHOT         33.3144   -116.5824  1934
CIHSP         32.7469   -115.5626   -54
CIHYS         34.8653   -117.5697   833
CIIKP         32.6501   -116.1095   906
CIIND         33.8167   -116.2304   324
CIING         32.9887   -115.3102   -33
CIINS         33.9357   -116.1951  1654
CIIRC         34.3885   -118.4030   533
CIIR2         34.3881   -118.3997   562
CIIRN         34.1600   -115.1848   933
CIIRS         33.1909   -115.4290   -43
CIISA         35.6628   -118.4740   817
CIJAW         35.3158   -118.0455   711
CIJFS         35.3516   -117.6729  1393
CIJNH         34.4479   -117.9570  1289
CIJTR         33.8140   -115.9009  1325
CIJUL         33.0482   -116.6136  1260
CIJUN         34.4697   -117.8787  1166
CIKBY         33.0402   -115.7018   -99
CIKEE         33.6386   -116.6543  1359
CIKYP         34.1012   -118.8802   686
CILAN         34.7268   -118.0518   684
CILAQ         33.6280   -116.2805    -4
CILAV         34.7660   -116.2888   814
LALCL         33.8400   -118.1952  -110
CILED         34.4677   -115.9373   807
CILEO         34.6306   -118.3051  1025
CILGA         32.7598   -114.4936    18
CILHU         34.6709   -118.4126  1000
CILJB         34.5909   -117.8489   861
CILLN         34.4853   -117.8465   981
CILOK         34.7244   -119.0928  1538
LALOM         33.7957   -118.2801  -202
CILRL         35.4794   -117.6821  1315
CILRM         35.4774   -117.6900  1222
CILRR         34.5263   -118.0287   880
CILTC         33.4938   -115.0770   275
CILTM         33.9151   -114.9191   696
CILUC         34.4548   -116.9647   855
CIMAR         35.0026   -119.3402   411
CIMDA         33.9138   -117.0007   820
CIMEC         33.6354   -116.0293   448
CIMIR         33.4162   -116.0817    30
CIMLL         34.0913   -116.9371  1480
CIMNT         34.4568   -118.4443   701
CIMPP         34.8885   -119.8136  1739
CIMRV         34.0614   -116.5438   936
CIMWC         34.2237   -118.0583  1696
CINHL         34.3915   -118.5995   542
CINW2         33.0873   -115.6927  -100
CINWR         33.1017   -115.6843  -117
CIOAK         34.3636   -118.7844   832
CIOAT         34.3436   -118.6144  1089
CIOBB         33.1674   -115.6374  -107
CIOLY         33.4314   -117.1181   446
CIORK         33.5662   -115.7699  1039
CIPAS         34.1484   -118.1712   257
CIPCF         34.0530   -117.7914   226
CIPEM         34.1669   -117.8701   777
CIPIC         32.9142   -114.6439   213
CIPIU         34.7404   -115.0948  1163
CIPKM         34.8956   -119.8208  1673
CIPLE         34.9686   -119.0690  1050
CIPLM         33.3536   -116.8626  1660
CIPLS         33.7953   -117.6091  1181
CIPLT         32.7312   -114.7301    26
CIPNM         33.9774   -115.8016  1101
CIPOB         33.6870   -116.9240   974
CIPSP         33.7937   -116.5497   162
CIPTD         34.0044   -118.8069     7
LAPVP         33.7894   -118.4020   202
CIPVR         33.7524   -118.3717   153
CIPVRa        33.7583   -118.3567   340
CIQAL         34.7491   -118.7152  1232
CIRAY         34.0375   -116.8131  2369
CIRCH         34.3074   -116.3513   796
LARCP         33.7773   -118.1335   -32
CIRDM         34.4000   -117.1842  1382
CIRGC         35.8408   -117.6606   771
CIRMM         34.6438   -116.6244  1777
CIRMR         34.2128   -116.5763  1663
CIROD         34.6297   -116.6056  1247
CIRPV         33.7433   -118.4043    64
CIRSE         32.9256   -115.4999   -90
CIRUN         32.9722   -114.9781   116
CIRVM         34.1802   -114.2011   196
CIRVR         33.9935   -117.3755   232
CIRVS         34.0347   -114.5188   629
CIRYS         34.6434   -119.3522  1807
CISAD         34.0809   -118.6655   715
CISAI         34.0133   -119.4372   113
CISBB         34.6882   -117.8250   796
CISBC         34.4408   -119.7149    61
LASBI         33.4804   -119.0295   -48
CISBK         35.0791   -117.5829   851
CISBP         34.2324   -117.2349  1843
CISCC         34.9409   -120.1730   565
CISCD         34.3684   -119.3447   183
LASC1         34.0192   -118.2860    17
CISCI         32.9792   -118.5470   178
CISCY         34.1065   -118.4553   250
CISDL         35.3765   -117.8884   638
CISDW         34.6095   -117.0759  1125
CISGL         32.6493   -115.7264    75
CISHH         34.1877   -115.6553  1075
CISIL         34.3480   -116.8275  1698
CISIM         35.3502   -119.9965   578
CISIP         34.2045   -118.7807   694
CISJQ         33.6200   -117.8458   118
CISKY         33.7757   -117.1071   774
CISLC         34.4959   -119.7143  1164
CISLD         37.0770   -121.2210   400
CISLG         34.1095   -119.0650   381
CISLP         34.5535   -120.3982   113
CISLT         33.2649   -115.9242   -83
CISLU         32.5018   -114.7781    -8
CISME         33.8229   -117.3562   466
CISMF         34.0216   -118.4467    19
CISMO         33.5356   -116.4624  2403
CISNC         33.9800   -119.5233   275
CISND         35.1426   -118.3029  1294
CISNR         32.8618   -115.4360   -63
CISNS         33.4324   -117.5505   117
CISOC         34.0367   -119.0168   -75
CISPM         34.4720   -115.4034   868
CISRT         35.6923   -117.7505   667
CISS2         34.2073   -117.5004  1574
CISSC         33.9955   -119.6351   413
CISSM         34.0373   -120.3511   126
CISSN         33.2449   -119.5074   217
CISSV         34.2170   -117.4890  1594
CISTO         34.6920   -117.1173  1145
CISTP         34.5712   -114.8488   581
CISTT         34.7890   -118.4636   796
CISUN         34.2105   -117.6939  1652
CISUP         32.9554   -115.8255   177
CISU2         32.9448   -115.8000   104
CISWM         34.7160   -118.5836  1184
CISXT         34.3379   -119.2148   488
CISYL         34.3536   -118.4510   928
CISYP         34.5278   -119.9783  1253
CISYS         32.5794   -116.9149   181
CITAB         34.3820   -117.6781  2198
CITCC         33.9947   -118.0140   195
CITEJ         35.2311   -118.6888   844
CITHC         34.9085   -118.6644  1688
CITHP         33.8317   -116.3390  1594
CITHR         34.5532   -117.7192   980
CITIN         37.0542   -118.2301  1164
CITJR         35.0272   -118.7437   398
CITMB         35.0873   -119.5355   978
CITM2         35.0869   -119.5354   989
CITOP         33.5241   -116.4253  2611
CITOW         35.8088   -117.7649   653
CITPC         34.1056   -116.0494   686
CITPO         34.8788   -118.2286   769
LATPR         34.0928   -118.5878   335
CITTM         34.3354   -114.8283  1051
CITWL         34.2783   -118.5955   352
CIUPL         34.1482   -117.6994   516
CIVET         34.2968   -118.0283  1757
CIVG2         33.8325   -116.8104  1465
CIVGR         33.8375   -116.8096  1455
CIVPD         33.8160   -117.7634   147
CIVRD         34.2146   -118.2796   897
CIVST         33.1558   -117.2320    76
LAVTR         34.4042   -119.7160    53
CIVVD         34.4435   -118.6633   451
CIWAS         35.7377   -118.5574  1828
CIWBM         35.6084   -117.8905   892
CIWBS         35.5367   -118.1404  1902
CIWCF         36.2083   -117.9047  1332
CIWCG         36.1902   -117.6232  1676
CIWCH         35.8789   -118.0741  2461
CIWCO         35.6225   -118.4384  1567
CIWCP         36.0710   -117.8510  1453
CIWCS         36.0270   -117.7676  1135
CIWCX         35.7116   -117.5945   654
CIWDY         35.7000   -118.8433   500
CIWH2         34.3145   -114.4099  1198
CIWHF         35.6951   -118.3518   859
CIWHP         34.3070   -114.4966   559
CIWHS         36.1051   -117.7618  1411
CIWHV         35.5099   -118.5190   971
CIWI2         33.2761   -115.5815   -97
CIWIN         33.6830   -117.1037   600
CIWIS         33.2759   -115.5954  -102
CIWJP         35.4109   -118.4820  1090
CIWKT         35.7940   -118.4434   849
CIWLH         36.1524   -118.3131  2645
CIWLK         33.0513   -115.4919   -82
CIWMF         36.1177   -117.8548  1513
CIWML         33.0152   -115.6233   -92
CIWMP         35.6406   -118.7857  1048
CIWNM         35.8422   -117.9062   923
CIWOF         35.5354   -118.7135  1306
CIWOR         35.6956   -118.2425   795
CIWRC         35.9490   -117.6479   930
CIWRV         36.0078   -117.8906  1039
CIWS2         34.5942   -118.5803  1129
CIWSC         35.7043   -117.8875   853
CIWSH         35.5996   -117.4927   764
CIWSP         34.5962   -118.5797  1188
CIWVP         35.9495   -117.8172  1435
CIWWP         35.7356   -118.0881  1117
CIWWR         33.9901   -116.6558   655
CIXMS         35.5231   -117.3642   667
CIXTL         34.2960   -117.8622  1643
CIYAQ         33.1666   -116.3539   430
CIYEG         35.4366   -119.9601   907
CIYMD         32.5540   -114.5535    39
CIYUH         32.6473   -115.9225   158
CIDCA         34.3120   -119.5622  -120
CIDCC         34.3095   -119.6567  -126
CIDCE         34.3667   -119.6234   -90
CIFMA         33.7183   -118.2849   -10
CILCL         33.8400   -118.1952  -110
CILOM         33.7957   -118.2801  -202
CIPVP         33.7894   -118.4020   202
CIRCP         33.7773   -118.1335   -32
CISBI         33.4804   -119.0295   -48
CISC1         34.0192   -118.2860    17
CIVTR         34.4042   -119.7160    53
NNADH         37.9683   -118.7153  2043
SNAMR         36.3977   -116.4742   720
NNAMR         36.3977   -116.4742   720
NNANC         38.1732   -118.7537  2250
NNANT         37.9178   -118.5640  2040
SNAPK         36.3198   -115.5870  2512
NNAPK         36.3198   -115.5870  2512
NNAPN         40.2300   -119.8665  1471
SNAPO         36.3195   -115.5743  2680
NNAPO         36.3195   -115.5743  2680
NNAVC         37.9160   -118.7325  2226
NNBAB         39.6013   -120.1040  2664
NNBCK         37.6975   -118.3720  1634
NNBDE         38.2198   -118.9972  2659
NNBEN         37.7155   -118.5733  2490
NNBFC         38.8940   -119.6077  1743
SNBGB         37.0378   -116.2277  1720
NNBGB         37.0378   -116.2277  1720
NNBHP         37.2995   -118.4873  2171
NNBIS         39.1238   -119.7750  1786
NNBLM         39.1540   -118.0910  1951
SNBLT         37.4822   -116.1225  1820
NNBLT         37.4822   -116.1225  1820
NNBMN         40.4313   -117.2216  1500
SNBMO         37.2837   -116.6457  2191
NNBMO         37.2837   -116.6457  2191
NNBMR         40.1087   -120.2910  2146
SNBMT         37.2892   -116.6405  2098
NNBMT         37.2892   -116.6405  2098
NNBOD         38.1628   -118.9702  2195
NNBON         37.9552   -118.3017  2582
NNBOX         39.6153   -118.1763  1283
SNBRO         36.7627   -116.6253   920
NNBRO         36.7627   -116.6253   920
NNBYX         39.9542   -117.9178  1128
NNCAN         38.1097   -118.1932  2015
NNCAS         37.5748   -118.5515  2170
NNCBX         39.9742   -118.1557  1439
SNCDH         36.8603   -116.3175  1387
NNCDH         36.8603   -116.3175  1387
SNCH5         36.8603   -116.3175  1055
NNCH5         36.8603   -116.3175  1055
NNCHX         39.9858   -117.8673  1234
NNCLK         37.5900   -118.8291  2542
NNCND         38.8287   -115.2872  2250
NNCOL         38.1447   -118.0542  1835
NNCOR         38.4567   -118.7635  3110
NNCOT         38.6417   -118.7718  1890
SNCPX         36.9323   -116.0543  1258
NNCPX         36.9323   -116.0543  1258
SNCPY         36.9288   -116.0588  1368
NNCPY         36.9288   -116.0588  1368
NNCTN         38.8320   -115.2897  2293
SNCTS         37.6567   -116.7257  1890
NNCTS         37.6567   -116.7257  1890
NNCWC         37.4948   -118.3063  2000
NNDIX         39.8022   -118.0820  1143
NNDLH         37.7157   -118.9293  2232
SNDLM         37.6058   -114.7388  1730
NNDLM         37.6058   -114.7388  1730
NNDNY         41.0813   -119.2766  2012
NNDOG         38.3425   -118.2178  1915
NNDSM         39.8672   -119.7807  1804
NNDSP         37.3694   -117.9741  2400
NNDSX         39.7095   -118.0620  1037
NNEBP         38.5828   -119.8063  2432
NNEMB         38.9747   -120.1027  2122
SNEMN         35.9218   -114.7555   846
NNEMN         35.9218   -114.7555   846
SNEPM         37.2262   -116.3347  2408
NNEPM         37.2262   -116.3347  2408
SNEPN         37.2140   -116.3238  2260
NNEPN         37.2140   -116.3238  2260
SNEPR         37.1687   -115.1865  1300
NNEPR         37.1687   -115.1865  1300
NNEST         38.0913   -118.3267  2012
SNEUR         39.4833   -115.9700  2178
NNEXC         38.3385   -118.3242  1823
NNFER         38.5928   -118.1750  1646
NNFLV         37.8140   -117.9095  1689
SNFMT         36.6397   -116.7788  1025
NNFMT         36.6397   -116.7788  1025
NNFPK         39.2247   -118.1510  2524
NNFPN         39.2053   -118.1543  2256
NNGAR         38.4662   -118.4743  1585
NNGBK         39.0962   -119.9203  2268
NNGIL         38.7313   -118.5347  1677
NNGLM         37.7537   -118.7447  2316
SNGLR         37.1993   -116.0177  1435
NNGLR         37.1993   -116.0177  1435
SNGMN         37.3002   -117.2597  2155
NNGMN         37.3002   -117.2597  2155
SNGMR         37.3338   -115.7712  1580
NNGMR         37.3338   -115.7712  1580
NNGNO         38.9292   -119.8528  1646
NNGRX         39.6355   -117.9890  1390
SNGVN         37.0015   -117.3425   865
NNGVN         37.0015   -117.3425   865
NNGVR         38.6573   -118.1597  2550
SNGWV         36.1852   -116.6703  1530
NNGWV         36.1852   -116.6703  1530
NNHBM         39.4017   -120.1533  1804
NNHBT         39.4267   -120.1633  1804
NNHCK         38.0755   -118.5922  1890
SNHCR         38.2337   -116.4363  2030
NNHCR         38.2337   -116.4363  2030
NNHLX         39.9337   -117.6632  1219
NNHOP         37.4497   -118.8293  3220
NNHSP         38.0882   -118.5810  1811
NNHTC         37.5298   -118.7710  3012
NNHVL         38.1832   -118.5390  1857
NNHYX         39.7728   -117.7633  1661
NNIND         39.4343   -120.2917  2146
SNJFR         36.6870   -116.1500  1130
NNJFR         36.6870   -116.1500  1130
SNJON         36.4398   -116.1030   920
NNJON         36.4398   -116.1030   920
NNKBF         39.5068   -120.2118  2079
SNKMT         36.7480   -116.1900  1561
NNKMT         36.7480   -116.1900  1561
SNKRN         37.7412   -116.3800  1980
NNKRN         37.7412   -116.3800  1980
SNKRO         37.7062   -116.3345  2570
NNKRO         37.7062   -116.3345  2570
SNKRV         36.6950   -116.2628  1077
NNKRV         36.6950   -116.2628  1077
NNKVN         39.0510   -118.1000  1829
NNLBP         38.4320   -118.7390  2280
SNLCH         37.2347   -117.6473  1455
NNLCH         37.2347   -117.6473  1455
NNLHV         38.2512   -118.5045  2225
NNLIT         40.4308   -120.3208  1646
SNLMT         36.7480   -116.3037  1092
NNLMT         36.7480   -116.3037  1092
SNLOP         36.8542   -116.1675  1696
NNLOP         36.8542   -116.1675  1696
NNLOY         39.6587   -120.2358  1582
SNLSM         36.7400   -116.2728  1140
NNLSM         36.7400   -116.2728  1140
SNLSN         36.7535   -116.2595  1070
NNLSN         36.7535   -116.2595  1070
SNLTS         36.7270   -116.3225  1242
NNLTS         36.7270   -116.3225  1242
NNLUL         38.0523   -119.1803  2243
NNLUN         38.5812   -118.1478  1829
NNMAB         38.4292   -118.3027  2040
NNMAR         38.2223   -118.2648  1845
SNMCA         36.6482   -117.2808   300
NNMCA         36.6482   -117.2808   300
NNMCC         37.9195   -119.0243  2194
NNMCR         37.8872   -118.9937  2268
SNMCX         36.6562   -115.9908  1160
NNMCX         36.6562   -115.9908  1160
SNMCY         36.6617   -115.9622  1285
NNMCY         36.6617   -115.9622  1285
NNMGC         37.5450   -118.8178  2565
SNMGM         37.4412   -117.4965  2100
NNMGM         37.4412   -117.4965  2100
NNMGN         37.8133   -118.6955  2522
NNMIL         38.0248   -118.1858  2030
NNMLN         37.5938   -118.3427  1780
NNMMC         38.3608   -119.1283  2548
NNMNA         38.4328   -118.1567  1524
NNMON         38.0608   -118.7758  2179
NNMPK         39.2957   -120.0302  2484
NNMPT         38.0595   -118.7753  2179
NNMRS         37.5107   -118.8822  3680
SNMTI         37.6767   -115.2727  1525
NNMTI         37.6767   -115.2727  1525
SNMZP         37.7007   -117.3830  2375
NNMZP         37.7007   -117.3830  2375
NNNEL         35.6495   -114.8433  1000
SNNEL         35.7122   -114.8437  1052
SNNMN         37.0808   -116.8182  1500
NNNMN         37.0808   -116.8182  1500
SNNOP         36.1280   -116.1527   970
NNNOP         36.1280   -116.1527   970
SNNPN         37.6527   -114.9370  1650
NNNPN         37.6527   -114.9370  1650
NNNRR         39.5722   -119.8493  1634
SNNSP         36.7272   -116.2118  1239
NNNSP         36.7272   -116.2118  1239
NNORC         37.6353   -118.6560  2301
SNPAN         36.3932   -117.1008  1690
NNPAN         36.3932   -117.1008  1690
NNPAR         38.7707   -117.8965  1774
SNPGE         36.3488   -117.0658  1850
NNPGE         36.3488   -117.0658  1850
NNPMC         37.4263   -117.9072  1829
NNPOC         37.3623   -118.2792  1799
NNPOW         38.4095   -118.6318  1890
NNPPK         38.3370   -118.0272  2256
SNPPK         37.4263   -117.9072  1830
NNPRB         37.4818   -118.8028  3399
SNPRN         37.4070   -115.0498  1470
NNPRN         37.4070   -115.0498  1470
NNPZC         37.9652   -118.5683  2104
SNQCS         37.7678   -115.9163  1890
NNQCS         37.7678   -115.9163  1890
SNQSM         35.9655   -116.8683   670
NNQSM         35.9655   -116.8683   670
NNQUA         38.3145   -118.5000  1951
NNRCC         37.4877   -118.7217  2800
NNRSM         37.5107   -118.8822  3680
SNRVE         38.0197   -116.1918  2290
NNRVE         38.0197   -116.1918  2290
NNRYN         38.6282   -118.5230  1585
NNSCH         37.3658   -118.6870  2365
SNSDH         36.6455   -116.3382  1055
NNSDH         36.6455   -116.3382  1055
SNSGV         36.9812   -117.0323  1565
NNSGV         36.9812   -117.0323  1565
SNSHR         36.5045   -115.1552  1645
NNSHR         36.5045   -115.1552  1645
NNSIE         39.5858   -120.4213  1744
NNSIM         38.4750   -117.7675  1899
NNSJC         38.3492   -119.4392  2256
NNSLK         37.8340   -119.1287  2438
NNSMN         39.1105   -118.1892  1829
NNSMO         38.7225   -119.7663  1788
NNSOD         38.5648   -118.2925  1463
NNSOX         40.1017   -117.7167  1198
SNSPR         36.6940   -115.8093  1235
NNSPR         36.6940   -115.8093  1235
SNSRG         37.8822   -115.0680  1645
NNSRG         37.8822   -115.0680  1645
SNSSP         36.9250   -116.2185  2065
NNSSP         36.9250   -116.2185  2065
NNSTM         39.1140   -118.2000  2012
NNSTR         37.4367   -118.7600  3704
SNSVP         37.7150   -117.8008  2620
NNSVP         37.7150   -117.8008  2620
NNTAH         39.1500   -120.1630  2097
SNTCN         37.1467   -116.7253  1469
NNTCN         37.1467   -116.7253  1469
NNTEE         38.2063   -118.4285  2140
SNTMB         37.0342   -116.3855  1758
NNTMB         37.0342   -116.3855  1758
SNTMO         36.8053   -117.4080  2195
NNTMO         36.8053   -117.4080  2195
NNTNK         39.2675   -120.2358  2438
NNTNP         38.0820   -117.2177  1939
SNTPK         37.2685   -116.8043  2080
NNTPK         37.2685   -116.8043  2080
SNTPU         37.6050   -115.6492  1915
NNTPU         37.6050   -115.6492  1915
NNTRC         38.3497   -115.5852  1798
SNTWR         36.7892   -116.3280  1099
NNTWR         36.7892   -116.3280  1099
NNVIP         39.7540   -119.4608  2499
NNVPK         39.4747   -120.0373  2469
NNWAD         39.6878   -119.2880  1262
NNWCK         37.5278   -118.6507  2300
NNWCN         39.3017   -119.7563  1704
SNWCT         36.7922   -116.6267  1000
NNWCT         36.7922   -116.6267  1000
NNWHR         40.0367   -118.3612  1667
NNWLD         38.8235   -118.5747  1799
NNWMD         37.4435   -118.6370  1683
SNWRN         37.9817   -115.5883  1760
NNWRN         37.9817   -115.5883  1760
NNWSH         39.4538   -119.6447  1762
NNWTC         39.3890   -119.8392  1890
SNYM1         36.8533   -116.5300  1200
SNYM2         36.7853   -116.4865  1220
SNYM3         36.7872   -116.4132  1050
SNYM4         36.8482   -116.4488  1256
SNYM5         36.8983   -116.4538  1350
SNYM6         36.8585   -116.4043  1150
PXEDP         35.8953   -120.4217   258
PXFRP         35.9110   -120.4858   265
PXGHP         35.8323   -120.3463   364
PXJNP         35.9390   -120.4302   343
PXJSP         35.9212   -120.4330   333
PXMMP         35.9565   -120.4950   514
PXRMP         36.0010   -120.4767  1125
PXSTP         35.9730   -120.5788   450
PXVAP         35.9260   -120.4460   -60
PXVCP         35.9217   -120.5330   590
NCCBLG        37.7715   -118.8983  2560
NCCEXG        37.6140   -118.8305  2158
NCCHMG        37.6248   -118.9297  2301
NCCONG        37.6140   -118.8305  2158
NCDBOG        37.6528   -118.9178  2243
NCEXSG        37.6137   -118.8305  2153
NCHVSG        37.3380   -121.7140 -9999
NCLNVG        37.5880   -118.7050  2071
NCLRCG        37.5857   -118.9088  2780
NCMILG        37.6213   -118.9872  2536
NCMLHG        37.6410   -118.9628  2101
NCMPDG        37.4695   -118.7220  2859
NCNOCG        37.6875   -118.9190  2475
NCOMCG        37.6285   -118.9870  2438
NCPWTG        38.2773   -119.2523  1996
NCSHEG        37.5608   -118.7430  2155
NCSWNG        37.6382   -118.8917  2188
LLELK         40.7448   -115.2388  2210
LLKNB         37.0167   -112.8223  1715
LLLAN         34.3893   -116.4115   792
LLMNV         38.4322   -118.1543  1507
UWASR         46.1507   -121.5927  1280
UWAUG         45.7362   -121.6805   865
UWBBO         42.8868   -122.6797  1671
UWBHW         47.8368   -122.0322   198
UWBLN         48.0073   -122.9718   585
UWBOW         46.4750   -123.2280   870
UWBPO         44.6518   -121.6887  1957
UWBRV         46.4853   -119.9915   925
UWBVW         46.8085   -119.8800   707
UWCBS         47.8047   -120.0410  1073
UWCDF         46.1162   -122.0475   780
UWCMM         46.4353   -122.5058   620
UWCMW         48.4237   -122.1190  1190
UWCPW         46.9738   -123.1363   792
UWCRF         46.8252   -119.3883   260
UWDBO         43.1192   -123.2428   984
UWDPW         47.8707   -118.2028   892
UWDY2         47.9853   -119.7703   884
UWEDM         46.1973   -122.1500  1609
UWELK         46.3055   -122.3408  1270
UWELL         46.9097   -120.5663   789
UWEPH         47.3535   -119.5962   628
UWET3         46.5770   -118.9363   305
UWETW         47.6045   -120.3310  1475
UWFBO         44.3098   -122.5778  1080
UWFL2         46.1963   -122.3503  1378
UWFMW         46.9415   -121.6698  1859
UWGBL         46.5977   -119.4598   330
UWGHW         47.0417   -122.2725   268
UWGL2         45.9597   -120.8230  1000
UWGLK         46.5640   -121.6085  1320
UWGMO         44.4392   -120.9562  1689
UWGMW         47.5480   -122.7863   505
UWGSM         47.2032   -121.7945  1305
UWGUL         45.9242   -121.5955  1189
UWHAM         42.0690   -121.9711  1999
UWHBO         43.8443   -122.3200  1615
UWHDW         47.6485   -123.0542  1006
UWHOG         42.2424   -121.7057  1887
UWHSO         43.5258   -123.0900  1020
UWHSR         46.1728   -122.1828  1774
UWHTW         47.8040   -121.7677   833
UWJBO         45.4615   -119.8370   645
UWJCW         48.1952   -121.9253   792
UWJUN         46.1467   -122.1530  1049
UWKMO         45.6355   -123.4895   975
UWKOS         46.4613   -122.1905   828
UWLAB         42.2676   -122.0635  1774
UWLCW         46.6707   -122.7008   396
UWLMW         46.6680   -122.2913  1195
UWLNO         45.8710   -118.2850   768
UWLO2         46.7500   -121.8100   853
UWLOC         46.7180   -119.4318   201
UWLVP         46.0683   -122.4083  1170
UWMBW         48.7840   -121.8997  1676
UWMCW         48.6797   -122.8323   693
UWMDW         46.6133   -119.7608   330
UWMEW         47.2020   -122.6458    97
UWMJ2         46.5578   -119.3638   150
UWMOX         46.5772   -120.2930   540
UWMPO         44.5048   -123.5502  1249
UWMTM         46.0255   -122.2117  1121
UWNAC         46.7332   -120.8237   728
UWNCO         43.7040   -121.1383  1908
UWNEL         48.0783   -120.3383  1490
UWNLO         46.0893   -123.4505   826
UWOBC         48.0353   -124.0775   938
UWOBH         47.3263   -123.8658   383
UWOD2         47.3910   -118.7107   590
UWOFK         47.9500   -124.3578   134
UWOHW         48.3233   -122.5318    54
UWONR         46.8770   -123.7713   257
UWOOW         47.7367   -124.1895   743
UWOSD         47.8165   -123.7038  2007
UWOSP         48.2848   -124.5898   585
UWOSR         47.5057   -123.9617   815
UWOT2         46.7213   -119.2347   355
UWOTR         48.1055   -124.3442   712
UWPAT         45.8805   -119.7612   300
UWPGO         45.4667   -122.4528   237
UWPGW         47.8218   -122.5993   122
UWPRO         46.2127   -119.6858   552
UWRC1         46.9433   -119.4333   500
UWRCM         46.8358   -121.7318  3085
UWRCS         46.8710   -121.7312  2877
UWREM         46.1992   -122.1842  2102
UWRER         46.8192   -121.8410  1756
UWRMW         47.4597   -121.8053  1024
UWRNO         43.9122   -123.7405   875
UWRPW         48.4483   -121.5137   850
UWRSW         46.3912   -119.5887  1037
UWRVC         46.9430   -121.9715  1000
UWRVW         46.1482   -122.7423   460
UWSAW         47.7017   -119.4010   690
UWSHW         46.1973   -122.2357  1399
UWSMW         47.3197   -123.3432   877
UWSOS         46.2440   -122.1367  1270
UWSPW         47.5537   -122.2458     8
UWSSO         44.8560   -122.4605  1242
UWSTD         46.2378   -122.2227  1268
UWSTW         48.1508   -123.6703   308
UWTBM         47.1695   -120.5983  1064
UWTCO         44.1058   -121.6003  1975
UWTDH         45.2898   -121.7903  1541
UWTDL         46.3508   -122.2158  1400
UWTKO         45.3713   -123.4538  1024
UWTRW         46.2922   -120.5420   723
UWTWW         47.1382   -120.8680  1046
UWVBE         45.0603   -121.5868  1544
UWVCR         44.9828   -120.9882  1015
UWVFP         45.3180   -121.4652  1716
UWVG2         45.1555   -122.2708   823
UWVGB         45.5157   -120.7775   729
UWVIP         44.5082   -120.6188  1731
UWVLL         45.4633   -121.6792  1195
UWVLM         45.5385   -122.0392  1150
UWVSP         42.3416   -121.9499  1545
UWVT2         46.9673   -119.9992  1270
UWVTH         45.1812   -120.5613   773
UWWA2         46.7567   -119.5627   230
UWWAT         47.6987   -119.9542   900
UWWG4         46.0308   -118.8557   510
UWWIB         46.3430   -123.8752   503
UWWIW         46.4302   -119.2870   130
UWWP2         45.5655   -122.7867   338
UWWPO         45.5733   -122.7895   334
UWWPW         46.6982   -121.5467  1250
UWWRD         46.9698   -119.1433   378
UWYAK         46.5288   -120.5207   629
UWYA2         46.5267   -120.5300   652
UWYEL         46.2097   -122.1878  1750
NCBA1P        36.7057   -121.3232   245
NCBA2P        36.6998   -121.3180   230
NCBA3P        36.6955   -121.3112   225
NCBA4P        36.6913   -121.3040   225
NCBA5P        36.6860   -121.2978   260
NCBA6P        36.6807   -121.2920   240
NCBA7P        36.6492   -121.2705   580
NCBB1P        36.6470   -121.2885   365
NCBB2P        36.6457   -121.2800   345
NCBB3P        36.6412   -121.2745   335
NCBB4P        36.6380   -121.2675   315
NCBB5P        36.6398   -121.2592   305
NCBB6P        36.6380   -121.2452   285
NCBB7P        36.6370   -121.2363   250
NCBC1P        36.6187   -121.2163   285
NCBC2P        36.6120   -121.2058   295
NCBC3P        36.6038   -121.1950   305
NCBC4P        36.5973   -121.1937   305
NCBC5P        36.5895   -121.1918   390
NCBC6P        36.5822   -121.1893   410
NCBC7P        36.5758   -121.1857   455
NCBD1P        36.5630   -121.1785   445
NCBD2P        36.5590   -121.1708   435
NCBD3P        36.5517   -121.1607   440
NCBD4P        36.5460   -121.1565   415
NCBD5P        36.5370   -121.1495   415
NCBD6P        36.5270   -121.1432   380
NCBD7P        36.5172   -121.1373   395
NCBE1P        36.5508   -121.2520   645
NCBE2P        36.5563   -121.2395   605
NCBE3P        36.5635   -121.2255   575
NCBE4P        36.5657   -121.2128   555
NCBE5P        36.5640   -121.2018   530
NCBE6P        36.5618   -121.1923   520
NCBE7P        36.5665   -121.1822   445
NCBF1P        36.6325   -121.0092 -9999
NCBF2P        36.7318   -121.2015 -9999
NCBF3P        36.6150   -121.0663 -9999
NCBF4P        36.6197   -121.1678 -9999
NCBF5P        36.6630   -121.1825 -9999
NCBF6P        36.6958   -121.1942 -9999
NCBF7P        36.6212   -121.0367 -9999
NCBF8P        36.6303   -120.9747 -9999
NCBF9P        36.5920   -121.1463 -9999
NCBFAP        36.6513   -120.8322 -9999
NCBFBP        36.7593   -121.2193 -9999
NCBFCP        36.6028   -121.1008 -9999
NCBFDP        36.6605   -120.7000 -9999
NCBFEP        36.6343   -120.9250 -9999
NCBL1P        36.5687   -121.2750   745
NCBL2P        36.6640   -121.3245   760
NCBL3P        36.5687   -121.2750   745
NCBL4P        36.6640   -121.3245   760
NCBL5P        36.5715   -121.2350   695
NCBL6P        36.6235   -121.2503   735
NCBL7P        36.5715   -121.2350   695
NCBL8P        36.6235   -121.2503   735
NCBM1P        36.6950   -121.3715   670
NCBM2P        36.6285   -121.3373   836
NCBM3P        36.6950   -121.3715   670
NCBM4P        36.6285   -121.3373   835
NCBM5P        36.6567   -121.3653  1020
NCBM6P        36.6412   -121.3063   905
NCBM7P        36.6567   -121.3653  1020
NCBM8P        36.6412   -121.3063   905
NCCO7P        36.1088   -120.0745   101
NCCA1P        37.7450   -118.8980  2164
NCCA2P        37.8655   -118.9063  2389
NCCA3P        37.7342   -118.9978  2304
NCCA4P        37.7010   -118.8953  2316
NCCA5P        37.8918   -118.8448  2210
NCCA6P        37.7533   -118.7653  2234
NCCA7P        37.8950   -118.8445  2438
NCCA8P        37.7117   -118.8067  2121
NCCA9P        37.8880   -118.9590  2240
NCCAAP        37.7157   -118.6808  2326
NCCABP        37.6430   -118.6532  2316
NCCACP        37.6398   -118.7223  2088
NCCADP        37.6902   -118.7457  2082
NCCAEP        37.7157   -118.6808  2326
NCCAFP        37.7437   -118.8643  2155
NCCAGP        37.7363   -118.7860  2112
NCCAHP        37.6695   -118.6755  2249
NCCH1P        37.5915   -118.4402  1457
NCCH2P        37.5488   -118.4433  1439
NCCH3P        37.5192   -118.3977  1341
NCCH4P        37.4220   -118.3675  1256
NCCH5P        37.8227   -118.4548  1753
NCCH6P        37.6872   -119.0948  2580
NCCH7P        37.7850   -119.0575  2585
NCCH8P        37.7585   -119.1097  2268
NCCL1P        37.6208   -118.8717  2182
NCCL3P        37.6538   -118.8630  2292
NCCL4P        37.6555   -118.9050  2402
NCCL5P        37.6622   -118.8400  2195
NCCL6P        37.6822   -118.8583  2243
NCCL8P        37.6467   -118.8255  2195
NCCL9P        37.6567   -118.7815  2121
NCCLAP        37.6300   -118.7855  2103
NCCLCP        37.6793   -118.8185  2121
NCCLDP        37.6067   -118.9188  2585
NCCLGP        37.7477   -118.7342  2316
NCCLHP        37.6380   -118.8175  2256
NCCLIP        37.5453   -118.8133  2536
NCCO1P        36.2187   -120.2845   250
NCCO2P        36.2930   -120.3068   256
NCCO3P        36.1515   -120.2992   186
NCCO4P        36.2138   -120.1772   128
NCCO5P        36.3552   -120.2467    97
NCCO6P        36.3358   -120.3542   296
NCCO8P        36.2648   -120.0297    88
NCCO9P        36.4010   -120.0840    72
NCCOAP        36.3737   -120.0840    77
NCCOBP        36.4907   -120.2518    76
NCCOCP        36.4015   -120.4357   232
NCCODP        36.2500   -120.3840   415
NCCP1P        36.3075   -120.2503   120
NCCP2P        36.2808   -120.3020   240
NCCP3P        36.2460   -120.3127   280
NCCP4P        36.2108   -120.2633   200
NCCP5P        36.2467   -120.2633   180
NCCP6P        36.2108   -120.3127   300
NCCP7P        36.2992   -120.3985  1070
NCCP8P        36.1447   -120.1715   150
NCCP9P        36.1087   -120.2532   180
NCCPAP        36.1657   -120.3085   190
NCCPBP        36.2367   -120.3812   380
NCCPCP        36.1382   -120.3570   200
NCCPDP        36.3063   -120.2490   120
NCCPEP        36.1218   -120.3963   320
NCCPFP        36.1252   -120.3860   260
NCCPGP        36.1298   -120.3775   230
NCCPHP        36.1342   -120.3667   210
NCCPIP        36.1388   -120.3600   200
NCCPJP        36.3012   -120.2558   130
NCCPKP        36.2945   -120.2623   150
NCCPLP        36.2910   -120.2768   180
NCDC1P        34.3470   -119.5848   -42
NCDC2P        34.3257   -119.5960   -60
NCDC5P        34.3272   -119.6332   -64
NCDA1P        36.4505   -121.0400   491
NCDA2P        36.4520   -121.0383   488
NCDA3P        36.4478   -121.0393   494
NCDA4P        36.4507   -121.0432   485
NCDB1P        36.5027   -121.0748   451
NCDB2P        36.4975   -121.0708   494
NCDB3P        36.4902   -121.0667   497
NCDB4P        36.4805   -121.0597   506
NCDB5P        36.4747   -121.0560   512
NCDB6P        36.4673   -121.0525   512
NCDI1P        36.5075   -121.0995   471
NCDI2P        36.5015   -121.0857   430
NCDI3P        36.4943   -121.0810   465
NCDI4P        36.4880   -121.0740   469
NCDI5P        36.4782   -121.0680   465
NCDI6P        36.4707   -121.0657   476
NCDI7P        36.4632   -121.0580   481
NCDI8P        36.4553   -121.0498   442
NCDD1P        36.4448   -121.0297   573
NCDD2P        36.4415   -121.0383   467
NCDD3P        36.4332   -121.0290   493
NCDD4P        36.4317   -121.0153   585
NCDD5P        36.4247   -121.0048   567
NCDD6P        36.4217   -121.0125   558
NCDD7P        36.4140   -120.9977   553
NCDD8P        36.4020   -120.9862   538
NCDE1P        36.5098   -121.1230   371
NCDE2P        36.4865   -121.1242   613
NCDE3P        36.4920   -121.0900   512
NCDE4P        36.4805   -121.0980   512
NCDE5P        36.4800   -121.0782   472
NCDE6P        36.4647   -121.0750   476
NCDE7P        36.4483   -121.0810   455
NCDF1P        36.4438   -121.0527   408
NCDF2P        36.4148   -121.0310   467
NCDF3P        36.4125   -121.0552   384
NCDF4P        36.3945   -121.0327   445
NCDF5P        36.4067   -121.0125   579
NCDF6P        36.3878   -121.0072   470
NCDG1P        36.4363   -121.0720   402
NCDG2P        36.4372   -121.0690   381
NCDG3P        36.4337   -121.0722   418
NCDG4P        36.4363   -121.0755   415
NCDH1P        36.4405   -121.1083   470
NCDH2P        36.4103   -121.0763   320
NCDH3P        36.3973   -121.0960   294
NCDH4P        36.3763   -121.0640   451
NCDH5P        36.3612   -121.0450   466
NCDH6P        36.3760   -121.1478   302
NCDJ1P        36.3862   -121.1193   227
NCDJ2P        36.3930   -121.1168   251
NCDJ3P        36.3825   -121.1143   246
NCDJ4P        36.3865   -121.1282   244
NCDK1P        36.5403   -121.1057   415
NCDK2P        36.5280   -121.0940   402
NCDK3P        36.5132   -121.0815   407
NCDK4P        36.5105   -121.0668   412
NCDK5P        36.5113   -121.0323   604
NCDK6P        36.4875   -121.0420   753
NCDK7P        36.4772   -121.0195   466
NCDK8P        36.4998   -120.9912   780
NCDL1P        36.4660   -121.0208   835
NCDL2P        36.4648   -121.0015   489
NCDL3P        36.4532   -120.9875   500
NCDL4P        36.4488   -121.0075   957
NCDL5P        36.4357   -120.9732   512
NCDL6P        36.4063   -120.9682   588
NCDM1P        36.5358   -121.0372  1030
NCDM2P        36.5227   -120.9662  1085
NCDM3P        36.5395   -120.9140   951
NCDM4P        36.4890   -120.9640   945
NCDM5P        36.4648   -120.9320   878
NCDM6P        36.4355   -120.9067   860
NCDS1P        36.4662   -121.0538   494
NCDS2P        36.4175   -120.9987   559
NCDS3P        36.3790   -120.9182   584
NCDS4P        36.3533   -120.9440   427
NCDS5P        36.5652   -121.2047   543
NCDS6P        36.5727   -121.1420   348
NCEM1P        35.9495   -120.4713   538
NCEM2P        35.8205   -120.5145   460
NCEM3P        35.8517   -120.6083   460
NCEM4P        35.9083   -120.4695   515
NCEM5P        35.9255   -120.4938   578
NCEU1P        41.7347   -124.0693 -9999
NCEU2P        41.0478   -124.1142 -9999
NCEU3P        41.0625   -124.1062 -9999
NCEU4P        41.3670   -124.0133 -9999
NCEU5P        41.3867   -123.9977 -9999
NCEU6P        40.7843   -124.0678 -9999
NCEU7P        40.6308   -124.1857 -9999
NCEU8P        40.5150   -124.0027 -9999
NCEU9P        40.9653   -123.8373 -9999
NCEUAP        41.2597   -123.6475 -9999
NCGE1P        38.8332   -122.7067   951
NCGE2P        38.7337   -122.8187   610
NCGE3P        38.7367   -122.6737   628
NCGE4P        38.7280   -122.8932    98
NCGE5P        38.8300   -122.8957   280
NCGE6P        38.7850   -122.6520   476
NCGE7P        38.8200   -122.7687  1036
NCGE8P        38.7837   -122.8150   890
NCGE9P        38.8467   -122.8160   969
NCGEAP        38.7353   -122.7693   719
NCGEBP        38.7780   -122.8835   488
NCGECP        38.8393   -122.8102   914
NCGEDP        38.8713   -122.7590   939
NCGEEP        38.9067   -122.8633   476
NCHP1P        36.5630   -121.2330   640
NCHP2P        36.6402   -121.2695   345
NCHP3P        36.6940   -121.3252   310
NCHP4P        36.7385   -121.2533   295
NCHP5P        36.6622   -121.1350   495
NCHP6P        36.5982   -121.4035   295
NCHP7P        36.5225   -121.3467   375
NCHP8P        36.5025   -121.1048   940
NCHP9P        36.4357   -121.2270   425
NCHPAP        36.7430   -121.0923   640
NCHPBP        36.3825   -121.9700   540
NCHPCP        36.5742   -121.0550  1020
NCHPDP        36.8112   -121.4917   190
NCHPEP        36.5630   -121.6370   330
NCHPFP        36.3918   -121.5933   500
NCHPGP        36.4380   -121.7802   470
NCHPHP        36.9603   -121.3505   250
NCHPIP        37.0775   -121.4842   415
NCHPJP        36.5608   -121.1630   490
NCHPKP        36.9605   -121.5925   244
NCHPLP        37.0607   -121.5112   354
NCHPMP        37.2582   -121.6732   363
NCHPNP        37.2845   -121.7713   137
NCHPOP        37.4512   -121.7997   271
NCJA1P        37.6400   -118.9198  2213
NCJA2P        37.6278   -118.8648  2170
NCJA3P        37.6142   -118.8323  2164
NCJA4P        37.6298   -118.9370  2310
NCJA5P        37.6787   -118.7745  2091
NCJA6P        37.6293   -118.8972  2145
NCKE1P        36.1108   -120.0740   101
NCKE2P        36.1297   -120.0753   103
NCKE3P        36.0958   -120.1838   215
NCKE4P        35.9517   -119.9793   213
NCKE5P        36.0950   -119.9938    77
NCKE6P        36.2168   -120.1773   128
NCKE7P        36.1595   -120.1177   121
NCKE8P        36.2033   -119.9897    84
NCKE9P        35.9990   -120.2300   305
NCLA1P        40.5548   -121.1913 -9999
NCLA2P        40.4792   -121.8742 -9999
NCLA3P        40.3972   -121.3673 -9999
NCLA4P        40.4002   -121.4477 -9999
NCLA5P        40.4710   -121.3127 -9999
NCLA6P        40.4918   -121.4258 -9999
NCLA7P        40.5235   -121.4735 -9999
NCLA8P        40.5675   -121.4035 -9999
NCLA9P        40.6095   -121.3083 -9999
NCLAAP        40.3777   -121.5342 -9999
NCLABP        40.4177   -121.6480 -9999
NCLACP        40.4655   -121.5257 -9999
NCLADP        40.5162   -121.6717 -9999
NCLAEP        40.6372   -121.6068 -9999
NCLI1P        37.7300   -121.7283     0
NCLI2P        37.8165   -121.7308   130
NCLI3P        37.7280   -121.6855     0
NCLI4P        37.6913   -121.7293   150
NCLI5P        37.8935   -121.7198     0
NCLI6P        37.8003   -121.7800     0
NCLI7P        37.6737   -121.5395   395
NCLI8P        37.8383   -121.6405     0
NCLI9P        37.8492   -121.6498    60
NCLIAP        37.7612   -121.7350     0
NCMC1P        37.8855   -119.1697  2640
NCMC2P        37.8547   -119.1177  2323
NCMC3P        37.8143   -119.0740  2354
NCMC4P        37.7668   -119.0413  2692
NCMC5P        37.7273   -119.0202  2561
NCMC6P        37.9660   -119.1540  2847
NCMC7P        37.9233   -119.1338  2296
NCMC8P        37.8877   -119.0708  2091
NCMC9P        37.8507   -119.0365  2244
NCMCAP        37.8042   -118.9763  2497
NCMCBP        37.7765   -118.9258  2341
NCMCCP        37.9610   -119.0893  1963
NCMCDP        37.9248   -119.0505  2073
NCMCEP        37.9180   -119.0152  2064
NCMCFP        37.8802   -118.9718  2262
NCMCGP        37.8518   -118.9170  2540
NCMCHP        37.9395   -118.9475  2037
NCMCIP        37.6315   -118.9992  2364
NCMCJP        37.7260   -119.0158  2442
NCMCKP        37.7267   -119.0205  2560
NCMCLP        37.7262   -119.0163  2463
NCMCMP        37.6318   -118.9500  2256
NCMD1P        37.8277   -121.9390   204
NCMD2P        37.7912   -122.0238   341
NCMD3P        37.8672   -121.9940   195
NCMD4P        37.9145   -121.9158   280
NCMD5P        37.8670   -121.8818   268
NCMD6P        37.7737   -121.8500   199
NCMD7P        37.7830   -121.9392   183
NCMD8P        37.7732   -121.8512   201
NCMD9P        37.7522   -121.9048   145
NCMDAP        37.7333   -121.9120   123
NCMDBP        37.8017   -121.9675   156
NCMDCP        37.7688   -121.9502   152
NCMDDP        37.7603   -121.9305   219
NCML1P        37.8585   -119.0733  2234
NCML2P        37.4300   -118.4282  1365
NCML3P        37.5827   -118.5533  2170
NCML4P        37.3670   -118.9818  2323
NCML5P        37.7532   -118.7653  2231
NCML6P        37.5673   -118.7872  2316
NCML7P        37.3592   -118.6905  2335
NCML8P        37.6223   -118.9500  2420
NCMM1P        37.8597   -119.0737  2256
NCMM2P        37.6427   -118.8398  2156
NCMM3P        37.7538   -118.7655  2237
NCMM4P        35.8167   -117.5967   766
NCMM5P        37.6920   -118.7575  2084
NCMM6P        37.3547   -118.5205  1536
NCMM7P        37.6138   -118.8305  2160
NCMM8P        37.6225   -118.9487  2405
NCMM9P        37.5505   -118.6715  2194
NCMN1P        37.6572   -118.6557  2348
NCMN2P        37.5472   -118.6867  2256
NCMN3P        37.4857   -118.7220  2829
NCMN4P        37.5618   -118.7900  2439
NCMN5P        37.6163   -118.9072  2329
NCMN6P        37.7002   -118.8283  2152
NCMN7P        37.5497   -118.8148  2470
NCMN8P        37.6477   -118.9613  2377
NCMN9P        37.6313   -118.8107  2128
NCMNAP        37.5467   -118.6880  2302
NCMO1P        37.6792   -118.8252  2110
NCMO2P        37.5897   -118.8528  2320
NCMO3P        37.6140   -118.8303  2160
NCMO4P        37.6418   -118.8497  2160
NCMO5P        37.6415   -118.7283  2070
NCMO6P        37.6228   -118.8897  2220
NCMO7P        37.6967   -118.9355  2340
NCMO8P        37.5612   -118.7870  2340
NCMO9P        37.4963   -118.7193  2730
NCMOAP        37.5508   -118.6720  2190
NCMOBP        37.6155   -119.0062  2630
NCMOCP        37.7377   -118.8257  2110
NCMODP        37.5542   -118.7980  2390
NCMOEP        37.6542   -118.8048  2110
NCMOFP        37.5408   -118.5892  2110
NCMP1P        37.5167   -118.6527  2182
NCMP4P        37.7223   -118.9260  2265
NCMP7P        37.5493   -118.8133  2475
NCMPAP        37.6442   -118.6897  2182
NCMPBP        37.5615   -118.7880  2351
NCMPCP        37.4962   -118.7185  2720
NCMQAP        37.6580   -119.0538  2770
NCMQBP        37.6363   -119.0530  2845
NCMQCP        37.6442   -119.0243  2785
NCMQDP        37.6305   -119.0307  3330
NCMQEP        37.6285   -119.0077  2700
NCMQFP        37.6527   -118.9975  2580
NCMQGP        37.6215   -118.9722  2450
NCMQHP        37.5925   -118.9867  2795
NCMQIP        37.6102   -119.0223  2765
NCMQJP        37.6122   -119.0332  2870
NCMQKP        37.5922   -119.0527  2650
NCMQLP        37.6323   -119.0790  2340
NCMQXP        37.6138   -119.0473  2780
NCMR1P        37.6313   -118.9380  2311
NCMR2P        37.6268   -118.9350  2322
NCMR3P        37.6310   -118.9482  2346
NCMR4P        37.6337   -118.9337  2288
NCMR5P        37.6303   -118.9255  2272
NCMR6P        37.6168   -118.9550  2496
NCMR7P        37.6362   -118.9540  2373
NCMR8P        37.6468   -118.9292  2314
NCMR9P        37.6245   -118.9882  2541
NCMRAP        37.6528   -118.9653  2506
NCMRBP        37.6313   -118.9380  2311
NCMRCP        37.6313   -118.9380  2311
NCMRDP        37.6278   -118.9735  2407
NCMREP        37.6593   -118.9357  2506
NCMRFP        37.6437   -118.8945  2402
NCMRGP        37.6140   -118.9227  2389
NCMRHP        37.5808   -118.9035  3047
XNM01         37.6418   -118.9267  2237
XNM02         37.6467   -118.9305  2279
XNM03         37.6318   -118.9257  2251
XNM04         37.6628   -118.9092  2306
XNM05         37.6448   -118.9030  2205
XNM06         37.6322   -118.9077  2192
XNM07         37.6173   -118.9037  2230
XNM08         37.6272   -118.8687  2141
XNM09         37.6367   -118.8603  2134
XNM10         37.6087   -118.8732  2208
XNM11         37.6340   -118.8432  2138
XNM12         37.6177   -118.8533  2222
XNM13         37.6597   -118.9707  2464
XNM14         37.6547   -118.9457  2344
XNM15         37.6848   -118.9478  2372
XNM16         37.6968   -118.9287  2393
XNM17         37.6818   -118.9048  2356
XNM18         37.6703   -118.9272  2327
XNM19         37.6602   -118.8877  2150
XNM20         37.6450   -118.8797  2152
XNM21         37.6513   -118.8598  2214
XNM22         37.6798   -118.8723  2200
XNM23         37.6772   -118.8492  2171
XNM24         37.6583   -118.8348  2126
XNM25         37.6242   -118.9483  2355
XNM26         37.6127   -118.9255  2386
XNM27         37.6652   -118.8623  2270
XNM28         37.6375   -118.9558  2362
XNM29         37.6287   -118.8813  2168
XNM30         37.6402   -118.8483  2144
XNM31         37.6280   -118.8367  2137
XNM32         37.6503   -118.8668  2153
XNM33         37.6663   -118.8833  2374
XNM34         37.6542   -118.9092  2323
XNM35         37.6488   -118.8627  2163
XNM36         37.6523   -118.8692  2194
XNM37         37.6620   -118.8818  2325
XNM38         37.6998   -118.8915  2144
XNM39         37.6768   -118.8208  2100
XNM40         37.5970   -118.9870  2800
XNM41         37.6722   -118.9587  2458
XNM42         37.6752   -118.9863  2573
NCBB07        37.5970   -118.9870  2800
NCBB08        37.6173   -118.9037  2230
NCBB12        37.7263   -119.0173  2448
NCBB13        37.7217   -118.9228  2231
NCMX1P        37.6329   -119.0798  2182
NCMX2P        37.6591   -119.0043  2578
NCMX3P        37.6306   -119.0073  3056
NCMX4P        37.6213   -118.9733  2411
NCMX5P        37.6575   -119.0553  2886
NCMX6P        37.8345   -119.1292  2528
NCMX7P        37.6384   -118.9891  2585
NCMX8P        37.7300   -119.1697  2982
NCMX9P        37.6063   -119.1105  2546
NCMXAP        37.6875   -119.0961  2635
NCMXBP        37.6748   -119.0207  2572
NCMXCP        37.6412   -119.0270  2554
NCMXDP        37.6364   -119.0545  2810
NCMXEP        37.6267   -119.0316  3381
NCMXFP        37.5675   -119.0847  2060
NCMXGP        37.5928   -119.0570  2677
NCMXHP        37.6121   -119.0224  2632
NCMXIP        37.6155   -119.0408  2890
NCMXJP        37.5881   -118.9110  2647
NCMXKP        37.5712   -118.7869  2214
NCMXLP        37.6863   -118.9878  2904
NCMXMP        37.4383   -118.7453  3211
NCMXNP        37.7095   -119.0416  2594
NCOR1P        39.1742   -121.7525    60
NCOR2P        39.4843   -121.9675    30
NCOW1P        39.4430   -121.4630   195
NCOW2P        39.4450   -121.5748    55
NCOW3P        39.4972   -121.3755   579
NCOW4P        39.3548   -121.4367   126
NCPA1P        35.7558   -120.3122   372
NCPA2P        35.7910   -120.3573   378
NCPA3P        35.7200   -120.2808   418
NCPA4P        35.8140   -120.2678   485
NCPA5P        35.7098   -120.3787   448
NCPA6P        35.6717   -120.2108   640
NCPA7P        35.6510   -120.3203   466
NCPA8P        35.7863   -120.1833   492
NCPAEP        35.7898   -120.1758   518
NCPA9P        35.8798   -120.4120   469
NCPAAP        35.8245   -120.4385   646
NCPABP        35.8313   -120.3530   436
NCPACP        35.8888   -120.3425   549
NCPADP        35.9182   -120.4782   603
NCPB1P        35.7003   -121.2845   110
NCPB2P        35.6105   -121.0753    49
NCPB3P        35.4203   -120.5717   305
NCPB4P        35.2527   -120.8882    85
NCPB5P        35.4813   -120.9113    49
NCPB6P        35.4203   -120.5717   305
NCPB7P        35.3443   -120.8148    88
NCPB8P        35.1707   -120.6423    43
NCPB9P        35.1322   -120.3762   317
NCPBAP        34.9110   -120.6207   216
NCPBBP        34.7605   -120.4433   104
NCPBCP        34.6265   -120.5758   259
NCPBEP        34.6057   -120.6172     0
NCPBFP        35.4782   -120.9095    61
NCPKMP        35.9568   -120.4950 -9999
NCPKJP        35.9385   -120.4303 -9999
NCPKDP        35.9402   -120.4235 -9999
NCPKVP        35.9223   -120.5332 -9999
NCPKFP        35.9107   -120.4858 -9999
NCPKEP        35.8947   -120.4220 -9999
NCPKGP        35.8315   -120.3462 -9999
NCPKKP        35.7158   -120.2045 -9999
NCPKRP        35.6243   -120.2550 -9999
NCPKSP        35.9730   -120.5787 -9999
NCPKWP        35.8145   -120.5112 -9999
NCPKCP        35.7387   -120.3383 -9999
NCPKIP        35.8313   -120.3463 -9999
NCPM3P        34.0042   -118.8063     0
NCPM4P        34.0562   -118.9173     0
NCPM5P        34.1240   -118.8595     0
NCPM6P        34.1312   -119.1470     0
NCPM7P        34.2532   -119.0380     0
NCPM8P        34.0670   -118.9867     0
NCPM9P        34.1395   -118.9677     0
NCPMAP        34.1798   -119.0262     0
NCPMBP        34.2468   -118.8047     0
NCPMCP        34.0742   -118.6807     0
NCPMDP        34.2178   -118.9107     0
NCPMEP        34.0087   -118.7420     0
NCPMFP        34.1062   -119.0667     0
NCPMGP        34.1078   -118.6057     0
NCPMHP        34.3295   -118.9470     0
NCPMIP        34.0367   -119.0167     0
NCRO1P        39.4167   -121.1480   687
NCRO2P        39.5325   -120.9837  1207
NCSA1P        37.1573   -121.8465   207
NCSA2P        37.0672   -121.9478   113
NCSA3P        37.0772   -121.8390   523
NCSA4P        37.0267   -121.7697   219
NCSA5P        36.9730   -121.6485   393
NCSA6P        36.9603   -121.6263   215
NCSA7P        36.9373   -121.5695    95
NCSA8P        36.9223   -121.6392   277
NCSA9P        36.9808   -121.7850   108
NCSAAP        37.0283   -121.8427   329
NCSABP        37.0928   -121.7427   206
NCSACP        37.0357   -121.6800   146
NCSADP        37.0055   -121.7102   486
NCSAEP        37.0037   -121.6383   171
NCSAFP        36.8852   -121.3085   183
NCSAGP        37.1407   -121.9485   268
NCSAHP        36.7720   -121.2395   335
NCSAIP        37.1088   -121.4778   361
NCSAJP        36.9068   -121.6220    70
NCSAKP        36.7520   -121.5992   137
NCSC1P        37.0920   -121.7433   207
NCSC2P        37.0772   -121.8395   518
NCSC3P        37.0157   -121.7567   259
NCSC4P        37.0197   -121.8278   180
NCSC5P        37.1575   -121.8468   220
NCSC6P        37.1408   -121.9432   396
NCSC7P        37.0657   -121.9475    98
NCSH1P        41.5122   -122.0863  1743
NCSH2P        41.1568   -122.3430   744
NCSH3P        41.5970   -121.8545  1512
NCSH4P        41.4553   -121.7817  1475
NCSH5P        41.5723   -122.4188   841
NCSH6P        41.5808   -121.6525  1790
NCSH7P        41.2732   -122.2570  2085
NCSH8P        41.5003   -121.8918  1689
NCSP1P        41.4145   -122.0647  1606
NCSP2P        41.2713   -121.9782  1109
NCSP3P        41.3685   -121.9145  1271
NCSP4P        41.3377   -121.6747  1326
NCSP5P        41.1637   -122.1127   951
NCSP6P        41.4247   -121.6100  1396
NCSP7P        41.2968   -121.7932  1359
NCSP8P        40.9253   -122.4342   945
NCSR1P        38.7092   -122.9862 -9999
NCSR2P        38.4547   -123.0800 -9999
NCSR3P        38.2358   -122.8548 -9999
NCSR4P        38.2867   -122.5320 -9999
NCSR5P        38.4925   -122.4055 -9999
NCSR6P        38.7097   -122.5370 -9999
NCSR7P        38.5367   -122.7130 -9999
NCSR8P        38.5917   -122.8230 -9999
NCSR9P        38.4903   -122.8500 -9999
NCSRAP        38.4167   -122.6458 -9999
NCSRBP        38.5597   -122.6580 -9999
NCSRCP        38.5658   -122.7700 -9999
NCSRDP        38.4750   -122.6850 -9999
NCSREP        38.3847   -122.8230 -9999
NCSRFP        38.4900   -122.5992 -9999
NCSRGP        38.5337   -122.9758 -9999
NCSRHP        38.2958   -122.7413 -9999
NCSRIP        38.6708   -122.6680 -9999
NCST1P        41.5792   -121.8767  1481
NCST2P        41.6278   -121.7797  1573
NCST3P        41.5963   -121.9828  1539
NCST4P        41.6135   -121.9725  1439
NCST5P        41.7405   -121.9037  1375
NCST6P        41.5788   -121.9262  1472
NCST7P        41.6232   -121.8612  1445
NCST8P        41.6233   -121.9252  1411
NCST9P        41.5362   -121.9063  1618
NCSTAP        41.6110   -122.0782  1564
NCSTBP        41.6110   -122.0782  1564
NCSTEP        41.5667   -121.9250  1494
NCUD1P        37.4873   -118.6207  1604
NCUD3P        37.3927   -118.6337  1768
NCUD4P        37.4657   -118.5633  1537
NCUD5P        37.4433   -118.6218  1488
NCUD6P        37.5357   -118.5958  2018
NCUE1P        37.5312   -118.4210  1321
NCUE2P        37.5320   -118.4180  1327
NCUE3P        37.5295   -118.4153  1315
NCUE4P        37.5507   -118.4442  1442
NCUE5P        37.5682   -118.4727  1575
NCUE6P        37.5918   -118.4553  1468
NCUE7P        37.5903   -118.4333  1430
NCUF1P        37.6178   -118.9593  2440
NCBKHT        40.4987   -124.2930 -9999
NCBRYT        40.7255   -123.9733   899
NCBZDT        40.5270   -124.2188   427
NCDIAT        40.4138   -123.7575   533
NCEKRT        40.6953   -124.1395    49
NCFKHT        40.7908   -123.9745   632
NCFOXT        40.5212   -123.9922   113
NCGWST        40.6197   -124.1312   221
NCHAHT        40.5588   -123.8262  1091
NCHRST        40.8750   -123.7312   899
NCHUMT        40.7200   -124.2078   122
NCJBYT        40.8170   -124.0288    49
NCLOLT        40.6705   -124.2292   122
NCMMRT        40.4225   -124.0963   966
NCMVRT        40.6755   -123.8617   460
NCPRTT        40.1205   -123.6917  1158
NCPTKT        40.6045   -124.2750     4
NCRYNT        40.7855   -124.1203     4
NCTITT        41.0738   -123.9803   641
NCWHTT        40.0167   -123.9375   305
NCWKRT        40.3933   -124.2875   975
NCWR2T        40.3868   -124.2907   975
UUANU         41.0397   -112.2317  1353
UUARU         37.7880   -113.4403  1646
UUCFU         38.6188   -112.5387  2012
UUCPU         40.6730   -112.1903  2228
UUCWU         40.4458   -112.1022  1945
UUDUG         40.1950   -112.8130  1477
UUDWU         38.1053   -112.9975  2270
UUEPU         41.3915   -112.4088  1436
UUFSU         39.7225   -113.3913  1487
UUHVU         41.7797   -112.7750  1609
UUMSU         38.5133   -112.1742  2141
UUNLU         39.9548   -112.0750  2036
UUPTU         41.9295   -112.3247  2192
UUSGU         39.1828   -111.6433  2365
UUSNU         40.9238   -112.5100  1378
UUSTI         42.8022   -111.0508 -9999
UUWCU         38.9647   -112.0900  2714
NCBENY        37.3042   -119.9700 -9999
NCBEVY        37.5605   -120.1023   632
NCBOFY        37.8317   -120.2545   968
NCBONY        37.6875   -120.3633   265
NCBOWY        37.7513   -120.0337   783
NCBRRY        37.6872   -120.5812    85
NCCAVY        37.4392   -120.0995   476
NCCHRY        37.3480   -120.1862   198
NCCLBY        37.7150   -120.7470    84
NCCOUY        37.7050   -120.1850   686
NCCSGY        37.2667   -119.7167 -9999
NCDARY        37.5195   -119.8320  1006
NCDENY        37.5403   -120.6133    78
NCESCY        37.8057   -120.9997    37
NCHIDY        37.1125   -119.8933   165
NCHORY        37.5200   -120.2033    39
NCHOTY        37.5305   -120.2508   351
NCKEYY        37.8300   -120.4950   366
NCKNFY        37.8395   -120.6727   122
NCLEGY        37.1912   -120.2605    75
NCMATY        37.8735   -119.8660  1378
NCMIDY        37.5700   -119.9450 -9999
NCMTBY        37.5042   -120.0133 -9999
NCPAUY        37.7283   -120.6767 -9999
NCSFKY        37.6538   -119.8833   534
NCSFMY        37.6525   -119.8842 -9999
NCSITY        37.6833   -120.5733 -9999
NCSMRY        37.1912   -120.5028    42
NCSNEY        37.5320   -120.4322    85
NCYOLY        37.3808   -120.4172    85
