A01       35.5000 -120.4800    0.0000    0.0000       0       0     210     210    0.0000    0.0004   1
A02       35.6000 -120.6000    0.0000    0.0000       0       0     210     210    0.0000    0.0004   1
A03       35.7000 -120.7200    0.0000    0.0000       0       0     210     210    0.0000    0.0004   1
A04       35.8000 -120.8400    0.0000    0.0000       0       0     210     210    0.0000    0.0004   1
A05       35.9000 -120.9600    0.0000    0.0000       0       0     210     210    0.0000    0.0004   1
A06       36.0000 -121.0800    0.0000    0.0000       0       0     210     210    0.0000    0.0004   1
A07       35.6000 -120.3400    0.0000    0.0000       0       0     210     210    0.0000    0.0004   1
A08       35.7000 -120.4600    0.0000    0.0000       0       0     210     210    0.0000    0.0005   1
A09       35.8000 -120.5800    0.0000    0.0000       0       0     210     210    0.0000    0.0005   1
A10       35.9000 -120.7000    0.0000    0.0000       0       0     210     210    0.0000    0.0006   1
A11       36.0000 -120.8200    0.0000    0.0000       0       0     210     210    0.0000    0.0005   1
A12       36.1000 -120.9400    0.0000    0.0000       0       0     210     210    0.0000    0.0004   1
A13       35.7000 -120.2000    0.0000    0.0000       0       0     210     210    0.0000    0.0004   1
A14       35.8000 -120.3200    0.0000    0.0000       0       0     210     210    0.0000    0.0004   1
A15       35.9000 -120.4400    0.0000    0.0000       0       0     210     210    0.0000    0.0006   1
A16       36.0000 -120.5600    0.0000    0.0000       0       0     210     210    0.0000    0.0006   1
A17       36.1000 -120.6800    0.0000    0.0000       0       0     210     210    0.0000    0.0008   1
A18       36.2000 -120.8000    0.0000    0.0000       0       0     210     210    0.0000    0.0005   1
A19       35.8000 -120.0800    0.0000    0.0000       0       0     210     210    0.0000    0.0004   1
A20       35.9000 -120.2000    0.0000    0.0000       0       0     210     210    0.0000    0.0004   1
A21       36.0000 -120.3200    0.0000    0.0000       0       0     210     210    0.0000    0.0004   1
A22       36.1000 -120.4400    0.0000    0.0000       0       0     210     210    0.0000    0.0007   1
A23       36.2000 -120.5600    0.0000    0.0000       0       0     210     210    0.0000    0.0005   1
A24       36.3000 -120.6800    0.0000    0.0000       0       0     210     210    0.0000    0.0003   1
A25       35.9000 -119.9600    0.0000    0.0000       0       0     210     210    0.0000    0.0004   1
A26       36.0000 -120.0800    0.0000    0.0000       0       0     210     210    0.0000    0.0004   1
A27       36.1000 -120.2000    0.0000    0.0000       0       0     210     210    0.0000    0.0004   1
A28       36.2000 -120.3200    0.0000    0.0000       0       0     210     210    0.0000    0.0005   1
A29       36.3000 -120.4400    0.0000    0.0000       0       0     210     210    0.0000    0.0004   1
A30       36.4000 -120.5600    0.0000    0.0000       0       0     210     210    0.0000    0.0004   1
A31       36.0000 -119.8400    0.0000    0.0000       0       0     210     210    0.0000    0.0004   1
A32       36.1000 -119.9600    0.0000    0.0000       0       0     210     210    0.0000    0.0004   1
A33       36.2000 -120.0800    0.0000    0.0000       0       0     210     210    0.0000    0.0004   1
A34       36.3000 -120.2000    0.0000    0.0000       0       0     210     210    0.0000    0.0004   1
A35       36.4000 -120.3200    0.0000    0.0000       0       0     210     210    0.0000    0.0004   1
A36       36.5000 -120.4400    0.0000    0.0000       0       0     210     210    0.0000    0.0004   1
