NCJNA     37.1770 -121.8447    0.0000    0.0000       0       0     162       0    0.0000    0.0312   1
NCBAP     36.1804 -121.6440    0.0000    0.0000       0       0       3       0    0.0000    0.0370   1
NCBBG     36.5780 -121.0390    0.0000    0.0000       0       0       1       0    0.0000    0.0173   1
NCBBN     36.5095 -121.0770    0.0000    0.0000       0       0       1       0    0.0000    0.0195   1
NCBCG     36.7096 -121.3430    0.0000    0.0000      38      12       0       0    0.0037    0.0000   1
NCBCW     36.3065 -121.5670    0.0000    0.0000       0       0       1       0    0.0000    0.0208   1
NCBEM     36.6611 -121.0970    0.0000    0.0000       0       0       1       0    0.0000    0.0970   1
NCBHR     36.7275 -121.2670    0.0000    0.0000       0       0       1       0    0.0000    0.0197   1
NCBJC     36.5472 -121.3940    0.0000    0.0000       0       0      25       0    0.0000    0.0541   1
NCBJO     36.6110 -121.3140    0.0000    0.0000       0       0      42       0    0.0000    0.0395   1
NCBLR     36.6664 -121.2730    0.0000    0.0000       0       0       1       0    0.0000    0.0189   1
NCBPC     36.5734 -121.6270    0.0000    0.0000       0       0     117       0    0.0000    0.0528   1
NCBPI     36.4901 -121.1700    0.0000    0.0000       0       0       4       0    0.0000    0.0357   1
NCBPP     36.1687 -121.3780    0.0000    0.0000       0       0       1       0    0.0000    0.0624   1
NCBPR     36.4071 -121.7310    0.0000    0.0000       0       0       1       0    0.0000    0.0360   1
NCBSL     36.7765 -121.3500    0.0000    0.0000     181     104       2       0    0.0091    0.0540   1
NCBSM     36.3837 -121.4290    0.0000    0.0000       0       0       1       0    0.0000    0.0831   1
NCBSR     36.6674 -121.5200    0.0000    0.0000      25      20     117       0    0.0107    0.0561   1
NCBVL     36.5749 -121.1900    0.0000    0.0000       0       0       1       0    0.0000    0.0276   1
NCBVY     36.7462 -121.4160    0.0000    0.0000     773     294     113       0    0.0049    0.0508   1
NCCAD     37.1638 -121.6280    0.0000    0.0000       0       0    2206       0    0.0000    0.0368   1
NCCAI     37.8613 -122.4300    0.0000    0.0000       0       0      29       0    0.0000    0.0462   1
NCCAL     37.4505 -121.8000    0.0000    0.0000    1504    2390    2420      40    0.0029    0.0268   1
NCCAO     37.3485 -121.5350    0.0000    0.0000     853    1486    2818     401    0.0041    0.0251   1
NCCBS     37.8178 -121.6410    0.0000    0.0000     138      78      27       0    0.0072    0.0433   1
NCCCO     37.2582 -121.6750    0.0000    0.0000       0       0    2617       0    0.0000    0.0391   1
NCCCY     37.5515 -122.0910    0.0000    0.0000     347     732     323       0    0.0093    0.0429   1
NCCDO     37.7301 -121.8360    0.0000    0.0000      42      51       8       0    0.0094    0.0621   1
NCCGP     37.6454 -122.0110    0.0000    0.0000       9       8       3       0    0.0031    0.0125   1
NCCLC     37.7381 -122.0650    0.0000    0.0000     267     127      48       0    0.0052    0.0545   1
NCCMC     37.7812 -122.1770    0.0000    0.0000       0       0       1       0    0.0000    0.0400   1
NCCMH     37.3591 -121.7580    0.0000    0.0000    1367    1463    2575       0    0.0031    0.0305   1
NCCMJ     37.5202 -121.8730    0.0000    0.0000     945     696    1035       0    0.0034    0.0462   1
NCCML     37.4775 -121.6530    0.0000    0.0000    2539    1451    1892       0    0.0071    0.0335   1
NCCMM     37.4557 -121.4940    0.0000    0.0000     542     772    1427       0    0.0075    0.0282   1
NCCMO     37.8110 -121.8040    0.0000    0.0000     487     117       6       0    0.0070    0.0493   1
NCCMP     37.3577 -121.3180    0.0000    0.0000     759    1425    1052       0    0.0042    0.0299   1
NCCMR     37.5950 -121.6380    0.0000    0.0000     958     666     965       0    0.0068    0.0319   1
NCCNI     37.6079 -121.9650    0.0000    0.0000       1       1       5       0    0.0032    0.0276   1
NCCOS     37.5080 -121.3750    0.0000    0.0000      43     522     136       0    0.0068    0.0440   1
NCCPL     37.6375 -121.9610    0.0000    0.0000     174     146     110       0    0.0067    0.0538   1
NCCRA     37.7672 -121.9380    0.0000    0.0000      33      27       0       0    0.0089    0.0000   1
NCCSC     37.2852 -121.7720    0.0000    0.0000    1102     992    1653       0    0.0035    0.0392   1
NCCSH     37.6480 -122.0430    0.0000    0.0000      61      28      16       0    0.0052    0.0601   1
NCCSL     37.7242 -122.1190    0.0000    0.0000       9       2       1       0    0.0046    0.0469   1
NCHAZ     36.8845 -121.5920    0.0000    0.0000     421     137     171       0    0.0052    0.0432   1
NCHBT     36.8502 -121.5520    0.0000    0.0000     122      82      29       0    0.0055    0.0340   1
NCHCA     37.0254 -121.4850    0.0000    0.0000    1161     576     357       0    0.0043    0.0423   1
NCHCB     36.9313 -121.6600    0.0000    0.0000     559     305     293       0    0.0057    0.0330   1
NCHCO     36.8875 -121.7090    0.0000    0.0000       0       0     201       0    0.0000    0.0528   1
NCHCP     37.1945 -121.1850    0.0000    0.0000     109      52     161       0    0.0049    0.0345   1
NCHCR     36.9566 -121.5840    0.0000    0.0000    1116     478    1008       0    0.0036    0.0310   1
NCHDL     36.8353 -121.6470    0.0000    0.0000       0       0     433       0    0.0000    0.0439   1
NCHER     36.7982 -121.7120    0.0000    0.0000      21       7       1       0    0.0039    0.0398   1
NCHFE     36.9829 -121.4030    0.0000    0.0000     646     186     201       0    0.0045    0.0476   1
NCHFH     36.8882 -121.4690    0.0000    0.0000     251     142      57       0    0.0068    0.0595   1
NCHFP     36.7535 -121.4920    0.0000    0.0000     550     320     161       0    0.0046    0.0605   1
NCHGS     37.0955 -121.4480    0.0000    0.0000     831     853    1646       0    0.0039    0.0327   1
NCHGW     37.0170 -121.6530    0.0000    0.0000    2134     721    1743       0    0.0094    0.0244   1
NCHJG     36.7983 -121.5750    0.0000    0.0000     398     123     192       0    0.0066    0.0517   1
NCHJS     36.8171 -121.2990    0.0000    0.0000     180      60       3       0    0.0050    0.0664   1
NCHKR     36.9017 -121.4260    0.0000    0.0000     106      24      29       0    0.0053    0.0481   1
NCHLT     36.8846 -121.3090    0.0000    0.0000     237     113      19       0    0.0064    0.0569   1
NCHMO     36.6003 -121.9180    0.0000    0.0000       0       0      11       0    0.0000    0.0598   1
NCHOR     36.9189 -121.5150    0.0000    0.0000     151      50      89       0    0.0037    0.0386   1
NCHPH     36.8561 -121.4060    0.0000    0.0000      94      42       1       0    0.0045    0.0735   1
NCHPL     37.0520 -121.2910    0.0000    0.0000     852     347     669       0    0.0048    0.0292   1
NCHPR     36.9532 -121.6950    0.0000    0.0000     334     162     158       0    0.0041    0.0261   1
NCHQR     36.8337 -121.2130    0.0000    0.0000     438     161      45       0    0.0089    0.0423   1
NCHSF     36.8168 -121.4980    0.0000    0.0000       0       0      29       0    0.0000    0.0475   1
NCHSL     37.0192 -121.0860    0.0000    0.0000     215      84      13       0    0.0065    0.0520   1
NCHSP     37.1150 -121.5170    0.0000    0.0000    1564    1666    2742       0    0.0051    0.0238   1
NCJAL     37.1578 -121.8480    0.0000    0.0000     607    1703    2206       0    0.0083    0.0318   1
NCJBC     37.1648 -122.0300    0.0000    0.0000     359     563     779       0    0.0064    0.0385   1
NCJBG     37.3430 -122.3400    0.0000    0.0000     134      34      59       0    0.0041    0.0567   1
NCJBL     37.1278 -122.1660    0.0000    0.0000       0       0     208       0    0.0000    0.0518   1
NCJBM     37.3170 -122.1540    0.0000    0.0000     766     180     630       0    0.0036    0.0382   1
NCJBZ     37.0181 -121.8200    0.0000    0.0000     542     160     728       0    0.0080    0.0385   1
NCJCB     37.1115 -121.6900    0.0000    0.0000    1614    1714    2681       0    0.0050    0.0216   1
NCJCP     37.5883 -122.3230    0.0000    0.0000       3       1       0       0    0.0026    0.0000   1
NCJEC     37.0505 -121.8100    0.0000    0.0000     617     517     854       0    0.0091    0.0295   1
NCJEG     37.5138 -122.4630    0.0000    0.0000       0       0      15       0    0.0000    0.0445   1
NCJEL     36.9274 -121.8280    0.0000    0.0000      20       6      11       0    0.0039    0.0587   1
NCJHL     37.1091 -121.8350    0.0000    0.0000    1217     733    2432       0    0.0029    0.0208   1
NCJHP     37.4441 -122.3040    0.0000    0.0000     699      73     317       0    0.0036    0.0485   1
NCJJR     37.3445 -122.2030    0.0000    0.0000      12       4      12       0    0.0067    0.0397   1
NCJLA     37.1543 -121.7340    0.0000    0.0000       0       0       3       0    0.0000    0.0154   1
NCJLT     37.3537 -122.2040    0.0000    0.0000     139     106     115       0    0.0050    0.0514   1
NCJLX     37.2019 -121.9870    0.0000    0.0000     589     663    1417       0    0.0034    0.0423   1
NCJMG     37.6375 -122.4760    0.0000    0.0000       0       0      39       0    0.0000    0.0371   1
NCJPL     36.9775 -121.8340    0.0000    0.0000     255     174     167       0    0.0054    0.0474   1
NCJPP     37.2626 -122.2140    0.0000    0.0000       0       0     932       0    0.0000    0.0545   1
NCJPR     37.7950 -122.4750    0.0000    0.0000       0       0       4       0    0.0000    0.0360   1
NCJPS     37.1984 -122.3480    0.0000    0.0000     198     104      74       0    0.0051    0.0601   1
NCJRG     37.0378 -121.9660    0.0000    0.0000     112     117     253       0    0.0035    0.0550   1
NCJRR     37.0543 -121.7280    0.0000    0.0000    1563     790    2349       0    0.0037    0.0250   1
NCJSA     37.5822 -122.4200    0.0000    0.0000       0       0      49       0    0.0000    0.0502   1
NCJSC     37.2843 -122.1240    0.0000    0.0000     545     184     382       0    0.0102    0.0508   1
NCJSF     37.4046 -122.1740    0.0000    0.0000       0       0     311       0    0.0000    0.0335   1
NCJSG     37.2832 -122.0510    0.0000    0.0000     934     270     901       0    0.0083    0.0359   1
NCJSGB    37.2840 -122.0500    0.0000    0.0000       0       0       1       0    0.0000    0.0588   1
NCJSJ     37.3338 -122.0920    0.0000    0.0000     226      63     529       0    0.0034    0.0465   1
NCJSM     37.2123 -122.1690    0.0000    0.0000     139     155     461       0    0.0043    0.0385   1
NCJSS     37.1695 -121.9320    0.0000    0.0000     257    1548    1093       0    0.0050    0.0283   1
NCJST     37.2068 -121.7970    0.0000    0.0000    1210    2172    2645       0    0.0038    0.0359   1
NCJTG     37.0285 -121.8780    0.0000    0.0000     400     112     201       0    0.0047    0.0356   1
NCJUC     37.0010 -122.0490    0.0000    0.0000      90     173     153       0    0.0050    0.0554   1
NCJUM     37.1607 -121.8990    0.0000    0.0000       0       0      37       0    0.0000    0.0369   1
NCNTA     37.9231 -122.5980    0.0000    0.0000       0       0       1       0    0.0000    0.0506   1
NCCDA     37.7304 -121.7300    0.0000    0.0000      45      13      21       0    0.0064    0.0415   1
NCCDV     37.5665 -121.6790    0.0000    0.0000    2168    1956    1747       2    0.0084    0.0291   1
NCCMN     37.6279 -121.7070    0.0000    0.0000     481     277     211       0    0.0056    0.0276   1
NCCSA     37.6724 -121.7030    0.0000    0.0000      56      17      79       0    0.0054    0.0326   1
NCCST     37.6392 -121.4980    0.0000    0.0000     935     349     763       0    0.0076    0.0407   1
NCCVA     37.6182 -121.7600    0.0000    0.0000     706     826     646       0    0.0040    0.0309   1
NCCVL     37.6236 -121.8360    0.0000    0.0000     209     183     342       0    0.0057    0.0418   1
