NCCAD     37.1638 -121.6280    0.0000    0.0000       0       1       0       0    0.0144    0.0000   1
NCCAI     37.8613 -122.4300    0.0000    0.0000      65      42      91       0    0.0052    0.0137   1
NCCAL     37.4505 -121.8000    0.0000    0.0000       7       6       0       0    0.0038    0.0000   1
NCCBR     37.8165 -122.0630    0.0000    0.0000      27      10      60       0    0.0044    0.0176   1
NCCBW     37.9241 -122.1080    0.0000    0.0000      21      49      88       0    0.0056    0.0151   1
NCCCO     37.2582 -121.6750    0.0000    0.0000       8       1       0       0    0.0054    0.0000   1
NCCCY     37.5515 -122.0910    0.0000    0.0000       4      35      38       0    0.0126    0.0296   1
NCCDO     37.7301 -121.8360    0.0000    0.0000      10       1      16       0    0.0050    0.0743   1
NCCDU     38.0299 -122.0020    0.0000    0.0000       2       7       9       0    0.0042    0.0747   1
NCCGP     37.6454 -122.0110    0.0000    0.0000       1       1       9       0    0.0010    0.0793   1
NCCLC     37.7381 -122.0650    0.0000    0.0000      49      42      91       0    0.0062    0.0481   1
NCCMC     37.7812 -122.1770    0.0000    0.0000      15      42     101       0    0.0113    0.0363   1
NCCMJ     37.5202 -121.8730    0.0000    0.0000      15       8      31       0    0.0049    0.0636   1
NCCMO     37.8110 -121.8040    0.0000    0.0000      23       2      23       0    0.0112    0.0338   1
NCCMR     37.5950 -121.6380    0.0000    0.0000       0       1       0       0    0.0110    0.0000   1
NCCNI     37.6079 -121.9650    0.0000    0.0000       4       2       6       0    0.0014    0.0195   1
NCCPI     37.9889 -122.2160    0.0000    0.0000      10       2      21       0    0.0053    0.0140   1
NCCPL     37.6375 -121.9610    0.0000    0.0000      17       6      29       0    0.0069    0.0250   1
NCCPM     37.9491 -122.4090    0.0000    0.0000       3       0      15       0    0.0079    0.0111   1
NCCRA     37.7672 -121.9380    0.0000    0.0000       0       0       1       0    0.0000    0.0186   1
NCCRP     37.9127 -121.9060    0.0000    0.0000       1       3       6       0    0.0031    0.0531   1
NCCSH     37.6480 -122.0430    0.0000    0.0000       4      12       3       0    0.0066    0.0883   1
NCCSL     37.7242 -122.1190    0.0000    0.0000       4       3      16       1    0.0032    0.0913   1
NCCSP     37.9571 -122.3110    0.0000    0.0000      22      32     101       0    0.0085    0.0291   1
NCCSV     37.8653 -122.0060    0.0000    0.0000      10       0      28       0    0.0049    0.0237   1
NCCVP     37.8840 -122.2230    0.0000    0.0000       7       5      26      19    0.0032    0.0213   1
NCCYB     37.8079 -122.3620    0.0000    0.0000       0       1       3       6    0.0106    0.0109   1
NCJAL     37.1578 -121.8480    0.0000    0.0000       4      18       1       0    0.0060    0.0527   1
NCJBG     37.3430 -122.3400    0.0000    0.0000      14       4      17       0    0.0048    0.0813   1
NCJBM     37.3170 -122.1540    0.0000    0.0000      13      24      21       0    0.0047    0.0282   1
NCJCH     37.5170 -122.3770    0.0000    0.0000      11       1      21       0    0.0035    0.0120   1
NCJCP     37.5883 -122.3230    0.0000    0.0000      11       0      15       0    0.0027    0.0107   1
NCJEG     37.5138 -122.4630    0.0000    0.0000      21       4      56       0    0.0070    0.0266   1
NCJHP     37.4441 -122.3040    0.0000    0.0000      40      12      63       0    0.0051    0.0598   1
NCJJR     37.3445 -122.2030    0.0000    0.0000       2       0       3       0    0.0054    0.0367   1
NCJLT     37.3537 -122.2040    0.0000    0.0000       4       8       1       0    0.0037    0.0522   1
NCJMG     37.6375 -122.4760    0.0000    0.0000      29      16      76       0    0.0052    0.0167   1
NCJPP     37.2626 -122.2140    0.0000    0.0000      33      18      34       0    0.0101    0.0899   1
NCJPR     37.7950 -122.4750    0.0000    0.0000       8      31      79       0    0.0091    0.0648   1
NCJPS     37.1984 -122.3480    0.0000    0.0000      27      13       6       0    0.0040    0.1037   1
NCJSA     37.5822 -122.4200    0.0000    0.0000      20      18     101       0    0.0046    0.0139   1
NCJSB     37.6743 -122.3990    0.0000    0.0000      12       2      33       0    0.0047    0.0198   1
NCJSC     37.2843 -122.1240    0.0000    0.0000       2      33      14       0    0.0063    0.0799   1
NCJSF     37.4046 -122.1740    0.0000    0.0000       3       9       3       0    0.0105    0.0534   1
NCJSG     37.2832 -122.0510    0.0000    0.0000       3      14       6       0    0.0112    0.0736   1
NCJSJ     37.3338 -122.0920    0.0000    0.0000       0       2       1       0    0.0034    0.0192   1
NCJSM     37.2123 -122.1690    0.0000    0.0000      13       9       8       0    0.0067    0.0498   1
NCJST     37.2068 -121.7970    0.0000    0.0000       7      10       2       0    0.0064    0.1324   1
NCNAP     38.4382 -122.2500    0.0000    0.0000       0       0       1       0    0.0000    0.0484   1
NCNBO     37.9214 -122.7180    0.0000    0.0000       3       0       6       0    0.0052    0.0248   1
NCNBR     38.2610 -122.5510    0.0000    0.0000       3       0       5       0    0.0026    0.0842   1
NCNCF     38.3211 -122.7960    0.0000    0.0000      11      20      13       0    0.0056    0.0953   1
NCNFR     38.5225 -123.1620    0.0000    0.0000       3       1       0       0    0.0040    0.0000   1
NCNGV     38.2804 -122.2160    0.0000    0.0000      19       4      14       0    0.0046    0.0932   1
NCNHB     38.5893 -122.9090    0.0000    0.0000       1       0       1       0    0.0033    0.0293   1
NCNHF     38.0496 -122.5230    0.0000    0.0000       6       2      33       0    0.0033    0.0219   1
NCNIM     38.5616 -122.2650    0.0000    0.0000       1       0       1       0    0.0028    0.0207   1
NCNLH     38.1228 -122.1490    0.0000    0.0000      21      19      58       0    0.0071    0.0600   1
NCNLN     38.1526 -122.7130    0.0000    0.0000      29       6      70       0    0.0044    0.0220   1
NCNMC     38.5910 -122.9130    0.0000    0.0000       1       0       1       0    0.0100    0.0413   1
NCNMI     38.0760 -122.2590    0.0000    0.0000       3       1      10       0    0.0092    0.0136   1
NCNOL     38.0403 -122.7950    0.0000    0.0000      34       6     101       0    0.0064    0.0371   1
NCNSH     38.5199 -122.6080    0.0000    0.0000       5       6       1       0    0.0059    0.0977   1
NCNSP     38.2003 -122.4640    0.0000    0.0000       3       5      41       0    0.0047    0.0592   1
NCNTA     37.9231 -122.5980    0.0000    0.0000      23      11      76       0    0.0066    0.0172   1
NCNTB     38.2474 -122.9310    0.0000    0.0000      27       5      31       0    0.0053    0.0493   1
NCNTY     38.3891 -122.6630    0.0000    0.0000       9       6       2       0    0.0040    0.0194   1
NCNVE     38.3763 -122.4450    0.0000    0.0000       7       9       1       0    0.0071    0.0856   1
NCNWR     38.4571 -122.8880    0.0000    0.0000       0       1       0       0    0.0169    0.0000   1
NCCDV     37.5665 -121.6790    0.0000    0.0000      20       4      18       0    0.0076    0.0685   1
NCCMN     37.6279 -121.7070    0.0000    0.0000       6       5       1       0    0.0049    0.1006   1
NCCST     37.6392 -121.4980    0.0000    0.0000       4       0       3       0    0.0097    0.1091   1
NCCVA     37.6182 -121.7600    0.0000    0.0000       0       0       1       0    0.0000    0.0645   1
NCCVL     37.6236 -121.8360    0.0000    0.0000       6       1       1       0    0.0056    0.0858   1
