YRED07    42.6282   13.4650    0.0000    0.0000       0       0   21761   31634    0.0000    0.1147   1
IVARRO    42.5792   12.7657    0.0000    0.0000       0       0     160     112    0.0000    0.1712   1
IVARVD    43.4980   12.9415    0.0000    0.0000       0       0       8      38    0.0000    0.1367   1
IVATCC    43.1838   12.6433    0.0000    0.0000       0       0     209      89    0.0000    0.1473   1
IVATFO    43.3667   12.5715    0.0000    0.0000       0       0       2       3    0.0000    0.1007   1
IVCESI    43.0048   12.9047    0.0000    0.0000       0       0    1534    5353    0.0000    0.1608   1
IVCESX    42.6100   12.5800    0.0000    0.0000       0       0       4      21    0.0000    0.2072   1
IVCING    43.3755   13.1953    0.0000    0.0000       0       0      92     144    0.0000    0.1837   1
IVCSP1    43.0918   13.2048    0.0000    0.0000       0       0    4059    6920    0.0000    0.1445   1
IVEL6     43.3293   13.1017    0.0000    0.0000       0       0     376     268    0.0000    0.1969   1
IVFOSV    43.2948   12.7612    0.0000    0.0000       0       0       2       4    0.0000    0.1708   1
IVFRON    43.5178   12.7257    0.0000    0.0000       0       0       0       8    0.0000    0.0544   1
IVGIGS    42.4500   13.5690    0.0000    0.0000       0       0     273     667    0.0000    0.1597   1
IVGUMA    43.0627   13.3352    0.0000    0.0000       0       0     630     841    0.0000    0.1255   1
IVLNSS    42.6028   13.0403    0.0000    0.0000       0       0   17557   24358    0.0000    0.1312   1
IVMC2     42.9127   13.1905    0.0000    0.0000       0       0   21658   36776    0.0000    0.1717   1
IVMMO1    42.8993   13.3268    0.0000    0.0000       0       0   33696   44981    0.0000    0.1067   1
IVMNTP    43.1373   13.4693    0.0000    0.0000       0       0       4       0    0.0000    0.1306   1
IVMURB    43.2630   12.5247    0.0000    0.0000       0       0       0       5    0.0000    0.1725   1
IVNRCA    42.8335   13.1143    0.0000    0.0000       0       0   46427   52181    0.0000    0.1242   1
IVOFFI    42.9350   13.6857    0.0000    0.0000       0       0     326       2    0.0000    0.1231   1
IVSEF1    43.1468   12.9477    0.0000    0.0000       0       0       1       1    0.0000    0.2143   1
IVSNTG    43.2550   12.9405    0.0000    0.0000       0       0     293     268    0.0000    0.1874   1
IVTERO    42.6228   13.6040    0.0000    0.0000       0       0   15454   19413    0.0000    0.1398   1
YRED01    42.5264   13.0929    0.0000    0.0000       0       0    4125    5030    0.0000    0.1538   1
YRED02    42.6035   12.9288    0.0000    0.0000       0       0    7961   17427    0.0000    0.1488   1
YRED03    42.6030   13.1903    0.0000    0.0000       0       0   22001   25568    0.0000    0.1205   1
YRED04    42.5743   13.2972    0.0000    0.0000       0       0    3915    4509    0.0000    0.1075   1
YRED05    42.4835   13.3649    0.0000    0.0000       0       0    6596   12339    0.0000    0.1232   1
YRED06    42.4641   13.2277    0.0000    0.0000       0       0     630     616    0.0000    0.1246   1
YRED08    42.4589   13.0542    0.0000    0.0000       0       0     394     727    0.0000    0.2129   1
YRED09    42.8001   13.4237    0.0000    0.0000       0       0   20644   20955    0.0000    0.1027   1
YRED10    42.7771   13.1412    0.0000    0.0000       0       0   42732   46404    0.0000    0.1059   1
YRED11    42.6884   13.0335    0.0000    0.0000       0       0   32903   48104    0.0000    0.1551   1
YRED12    42.8064   12.9772    0.0000    0.0000       0       0   32857   36690    0.0000    0.1353   1
YRED14    42.4449   13.4331    0.0000    0.0000       0       0    7287   10266    0.0000    0.1408   1
YRED15    42.5278   13.5581    0.0000    0.0000       0       0    1786    3002    0.0000    0.1971   1
YRED16    42.8371   13.3071    0.0000    0.0000       0       0   27747   43827    0.0000    0.1218   1
YRED17    42.9659   13.3086    0.0000    0.0000       0       0   44505   53426    0.0000    0.1100   1
YRED18    42.9915   13.2432    0.0000    0.0000       0       0   30063   39727    0.0000    0.1461   1
YRED19    42.9196   13.1392    0.0000    0.0000       0       0   45505   53148    0.0000    0.1193   1
YRED20    42.7488   13.4353    0.0000    0.0000       0       0   39164   56110    0.0000    0.1048   1
YRED21    43.0301   13.2723    0.0000    0.0000       0       0   22881   32215    0.0000    0.1353   1
YRED22    43.0068   13.3252    0.0000    0.0000       0       0    6332   13406    0.0000    0.1639   1
YRED23    42.7432   13.2871    0.0000    0.0000       0       0   34238   30424    0.0000    0.1154   1
YRED24    42.6556   13.1923    0.0000    0.0000       0       0   38071   42459    0.0000    0.1244   1
YRED25    42.5988   13.3519    0.0000    0.0000       0       0   16816   19147    0.0000    0.1341   1
IVFIAM    42.2680   13.1172    0.0000    0.0000       0       0     162     197    0.0000    0.1776   1
IVVCEL    42.3946   13.8406    0.0000    0.0000       0       0      48       2    0.0000    0.2144   1
